OP-Act: February 15, 2022, 4:07 pm Created a log file, "/var/www/html/Logs/02-15-22_727bdf4.log".
OP-Act: February 15, 2022, 4:07 pm, Verified installation.
1OP-Act: February 15, 2022, 4:07 pm, Initialized variables to default values.
1OP-Act: February 15, 2022, 4:07 pm, Verified version information.
1OP-Act: February 15, 2022, 4:07 pm, Loaded cache file.
1OP-Act: February 15, 2022, 4:07 pm, Verified global variables.
1OP-Act: February 15, 2022, 4:07 pm, Deferring execution to allow user login.
1OP-Act: February 15, 2022, 4:07 pm, Verified installation.
1OP-Act: February 15, 2022, 4:07 pm, Initialized variables to default values.
1OP-Act: February 15, 2022, 4:07 pm, Verified version information.
1OP-Act: February 15, 2022, 4:07 pm, Loaded cache file.
1OP-Act: February 15, 2022, 4:07 pm, Verified global variables.
1OP-Act: February 15, 2022, 4:07 pm, Deferring execution to allow user login.
1OP-Act: February 15, 2022, 4:07 pm, Verified installation.
1OP-Act: February 15, 2022, 4:07 pm, Initialized variables to default values.
1OP-Act: February 15, 2022, 4:07 pm, Verified version information.
1OP-Act: February 15, 2022, 4:07 pm, Loaded cache file.
1OP-Act: February 15, 2022, 4:07 pm, Verified global variables.
1OP-Act: February 15, 2022, 4:07 pm, Deferring execution to allow user login.
1OP-Act: February 15, 2022, 4:08 pm, Verified installation.
1OP-Act: February 15, 2022, 4:08 pm, Initialized variables to default values.
1OP-Act: February 15, 2022, 4:08 pm, Verified version information.
1OP-Act: February 15, 2022, 4:08 pm, Loaded cache file.
1OP-Act: February 15, 2022, 4:08 pm, Verified global variables.
1OP-Act: February 15, 2022, 4:08 pm, Deferring execution to allow user login.
1OP-Act: February 15, 2022, 4:08 pm, Verified installation.
1OP-Act: February 15, 2022, 4:08 pm, Initialized variables to default values.
1OP-Act: February 15, 2022, 4:08 pm, Verified version information.
1OP-Act: February 15, 2022, 4:08 pm, Loaded cache file.
1OP-Act: February 15, 2022, 4:08 pm, Verified global variables.
1OP-Act: February 15, 2022, 4:08 pm, Deferring execution to allow user login.
1OP-Act: February 15, 2022, 4:08 pm, Verified installation.
1OP-Act: February 15, 2022, 4:08 pm, Initialized variables to default values.
1OP-Act: February 15, 2022, 4:08 pm, Verified version information.
1OP-Act: February 15, 2022, 4:08 pm, Loaded cache file.
1OP-Act: February 15, 2022, 4:08 pm, Verified global variables.
1OP-Act: February 15, 2022, 4:08 pm, Deferring execution to allow user login.
1OP-Act: February 15, 2022, 4:08 pm, Verified installation.
1OP-Act: February 15, 2022, 4:08 pm, Initialized variables to default values.
1OP-Act: February 15, 2022, 4:08 pm, Verified version information.
1OP-Act: February 15, 2022, 4:08 pm, Loaded cache file.
1OP-Act: February 15, 2022, 4:08 pm, Verified global variables.
1OP-Act: February 15, 2022, 4:08 pm, Deferring execution to allow user login.
1OP-Act: February 15, 2022, 4:25 pm, Verified installation.
1OP-Act: February 15, 2022, 4:25 pm, Initialized variables to default values.
1OP-Act: February 15, 2022, 4:25 pm, Verified version information.
1OP-Act: February 15, 2022, 4:25 pm, Loaded cache file.
1OP-Act: February 15, 2022, 4:25 pm, Verified global variables.
1OP-Act: February 15, 2022, 4:25 pm, Deferring execution to allow user login.
1