OP-Act: March 6, 2022, 4:53 pm Created a log file, "/var/www/html/Logs/03-06-22_e038ee1.log".
OP-Act: March 6, 2022, 4:53 pm, Verified installation.
1OP-Act: March 6, 2022, 4:53 pm, Initialized variables to default values.
1OP-Act: March 6, 2022, 4:53 pm, Verified version information.
1OP-Act: March 6, 2022, 4:53 pm, Loaded cache file.
1OP-Act: March 6, 2022, 4:53 pm, Verified global variables.
1OP-Act: March 6, 2022, 4:53 pm, Loaded libraries.
1OP-Act: March 6, 2022, 4:53 pm, Loaded library data.
1OP-Act: March 6, 2022, 4:53 pm, Deferred authentication procedure.
1OP-Act: March 6, 2022, 5:07 pm, Verified installation.
1OP-Act: March 6, 2022, 5:07 pm, Initialized variables to default values.
1OP-Act: March 6, 2022, 5:07 pm, Verified version information.
1OP-Act: March 6, 2022, 5:07 pm, Loaded cache file.
1OP-Act: March 6, 2022, 5:07 pm, Verified global variables.
1OP-Act: March 6, 2022, 5:07 pm, Loaded libraries.
1OP-Act: March 6, 2022, 5:07 pm, Loaded library data.
1OP-Act: March 6, 2022, 5:07 pm, Deferred authentication procedure.
1OP-Act: March 6, 2022, 5:07 pm, User requested tokens for login.
1OP-Act: March 6, 2022, 5:08 pm, Verified installation.
1OP-Act: March 6, 2022, 5:08 pm, Initialized variables to default values.
1OP-Act: March 6, 2022, 5:08 pm, Verified version information.
1OP-Act: March 6, 2022, 5:08 pm, Loaded cache file.
1OP-Act: March 6, 2022, 5:08 pm, Verified global variables.
1OP-Act: March 6, 2022, 5:08 pm, Loaded libraries.
1OP-Act: March 6, 2022, 5:08 pm, Loaded library data.
1OP-Act: March 6, 2022, 5:08 pm, Deferred authentication procedure.
1OP-Act: March 6, 2022, 5:08 pm, Verified installation.
1OP-Act: March 6, 2022, 5:08 pm, Initialized variables to default values.
1OP-Act: March 6, 2022, 5:08 pm, Verified version information.
1OP-Act: March 6, 2022, 5:08 pm, Loaded cache file.
1OP-Act: March 6, 2022, 5:08 pm, Verified global variables.
1OP-Act: March 6, 2022, 5:08 pm, Loaded libraries.
1OP-Act: March 6, 2022, 5:08 pm, Loaded library data.
1OP-Act: March 6, 2022, 5:08 pm, Deferred authentication procedure.
1OP-Act: March 6, 2022, 5:08 pm, User requested tokens for login.
1OP-Act: March 6, 2022, 5:08 pm, Verified installation.
1OP-Act: March 6, 2022, 5:08 pm, Initialized variables to default values.
1OP-Act: March 6, 2022, 5:08 pm, Verified version information.
1OP-Act: March 6, 2022, 5:08 pm, Loaded cache file.
1OP-Act: March 6, 2022, 5:08 pm, Loaded libraries.
1OP-Act: March 6, 2022, 5:08 pm, Loaded library data.
1OP-Act: March 6, 2022, 5:08 pm, Generated tokens.
1OP-Act: March 6, 2022, 5:08 pm, 52c372faaf0d639864a9ea190573dc1628f049f2078e669cae1d7065880170cd 52c372faaf0d639864a9ea190573dc1628f049f2078e669cae1d7065880170cd
1OP-Act: March 6, 2022, 5:08 pm, Authenticated UserName zelon88, UserID 7, SessionID 88f4a1b8d3834facd49e3b1173de0ffbe1ae6e90232d3c35cea56838375f5602.
1OP-Act: March 6, 2022, 5:08 pm, Verified user log file.
1OP-Act: March 6, 2022, 5:08 pm, Verified user cache file.
1OP-Act: March 6, 2022, 5:08 pm, Verified user notifications file.
1OP-Act: March 6, 2022, 5:08 pm, Saved changes to the user cache file.
1OP-Act: March 6, 2022, 5:08 pm, Loaded user cache file.
1OP-Act: March 6, 2022, 5:08 pm, Verified installation.
1OP-Act: March 6, 2022, 5:08 pm, Initialized variables to default values.
1OP-Act: March 6, 2022, 5:08 pm, Verified version information.
1OP-Act: March 6, 2022, 5:08 pm, Loaded cache file.
1OP-Act: March 6, 2022, 5:08 pm, Loaded libraries.
1OP-Act: March 6, 2022, 5:08 pm, Loaded library data.
1OP-Act: March 6, 2022, 5:08 pm, Generated tokens.
1OP-Act: March 6, 2022, 5:08 pm, Verified existing session.
1OP-Act: March 6, 2022, 5:08 pm, Verified user log file.
1OP-Act: March 6, 2022, 5:08 pm, Verified user cache file.
1OP-Act: March 6, 2022, 5:08 pm, Verified user notifications file.
1OP-Act: March 6, 2022, 5:08 pm, Saved changes to the user cache file.
1OP-Act: March 6, 2022, 5:08 pm, Loaded user cache file.
1OP-Act: March 6, 2022, 5:08 pm, Verified installation.
1OP-Act: March 6, 2022, 5:08 pm, Initialized variables to default values.
1OP-Act: March 6, 2022, 5:08 pm, Verified version information.
1OP-Act: March 6, 2022, 5:08 pm, Loaded cache file.
1OP-Act: March 6, 2022, 5:08 pm, Loaded libraries.
1OP-Act: March 6, 2022, 5:08 pm, Loaded library data.
1OP-Act: March 6, 2022, 5:08 pm, Generated tokens.
1OP-Act: March 6, 2022, 5:08 pm, Verified existing session.
1OP-Act: March 6, 2022, 5:08 pm, Verified user log file.
1OP-Act: March 6, 2022, 5:08 pm, Verified user cache file.
1OP-Act: March 6, 2022, 5:08 pm, Verified user notifications file.
1OP-Act: March 6, 2022, 5:08 pm, Saved changes to the user cache file.
1OP-Act: March 6, 2022, 5:08 pm, Loaded user cache file.
1OP-Act: March 6, 2022, 5:08 pm, Verified installation.
1OP-Act: March 6, 2022, 5:08 pm, Initialized variables to default values.
1OP-Act: March 6, 2022, 5:08 pm, Verified version information.
1OP-Act: March 6, 2022, 5:08 pm, Loaded cache file.
1OP-Act: March 6, 2022, 5:08 pm, Loaded libraries.
1OP-Act: March 6, 2022, 5:08 pm, Loaded library data.
1OP-Act: March 6, 2022, 5:08 pm, Generated tokens.
1OP-Act: March 6, 2022, 5:08 pm, Verified existing session.
1OP-Act: March 6, 2022, 5:08 pm, Verified user log file.
1OP-Act: March 6, 2022, 5:08 pm, Verified user cache file.
1OP-Act: March 6, 2022, 5:08 pm, Verified user notifications file.
1OP-Act: March 6, 2022, 5:08 pm, Saved changes to the user cache file.
1OP-Act: March 6, 2022, 5:08 pm, Loaded user cache file.
1OP-Act: March 6, 2022, 5:08 pm, Verified installation.
1OP-Act: March 6, 2022, 5:08 pm, Initialized variables to default values.
1OP-Act: March 6, 2022, 5:08 pm, Verified version information.
1OP-Act: March 6, 2022, 5:08 pm, Loaded cache file.
1OP-Act: March 6, 2022, 5:08 pm, Loaded libraries.
1OP-Act: March 6, 2022, 5:08 pm, Loaded library data.
1OP-Act: March 6, 2022, 5:08 pm, Generated tokens.
1OP-Act: March 6, 2022, 5:08 pm, Verified existing session.
1OP-Act: March 6, 2022, 5:08 pm, Verified user log file.
1OP-Act: March 6, 2022, 5:08 pm, Verified user cache file.
1OP-Act: March 6, 2022, 5:08 pm, Verified user notifications file.
1OP-Act: March 6, 2022, 5:08 pm, Saved changes to the user cache file.
1OP-Act: March 6, 2022, 5:08 pm, Loaded user cache file.
1OP-Act: March 6, 2022, 5:08 pm, Verified installation.
1OP-Act: March 6, 2022, 5:08 pm, Initialized variables to default values.
1OP-Act: March 6, 2022, 5:08 pm, Verified version information.
1OP-Act: March 6, 2022, 5:08 pm, Loaded cache file.
1OP-Act: March 6, 2022, 5:08 pm, Loaded libraries.
1OP-Act: March 6, 2022, 5:08 pm, Loaded library data.
1OP-Act: March 6, 2022, 5:08 pm, Generated tokens.
1OP-Act: March 6, 2022, 5:08 pm, Verified existing session.
1OP-Act: March 6, 2022, 5:08 pm, Verified user log file.
1OP-Act: March 6, 2022, 5:08 pm, Verified user cache file.
1OP-Act: March 6, 2022, 5:08 pm, Verified user notifications file.
1OP-Act: March 6, 2022, 5:08 pm, Saved changes to the user cache file.
1OP-Act: March 6, 2022, 5:08 pm, Loaded user cache file.
1OP-Act: March 6, 2022, 5:08 pm, Verified installation.
1OP-Act: March 6, 2022, 5:08 pm, Initialized variables to default values.
1OP-Act: March 6, 2022, 5:08 pm, Verified version information.
1OP-Act: March 6, 2022, 5:08 pm, Loaded cache file.
1OP-Act: March 6, 2022, 5:08 pm, Loaded libraries.
1OP-Act: March 6, 2022, 5:08 pm, Loaded library data.
1OP-Act: March 6, 2022, 5:08 pm, Generated tokens.
1OP-Act: March 6, 2022, 5:08 pm, Verified existing session.
1OP-Act: March 6, 2022, 5:08 pm, Verified user log file.
1OP-Act: March 6, 2022, 5:08 pm, Verified user cache file.
1OP-Act: March 6, 2022, 5:08 pm, Verified user notifications file.
1OP-Act: March 6, 2022, 5:08 pm, Saved changes to the user cache file.
1OP-Act: March 6, 2022, 5:08 pm, Loaded user cache file.
1OP-Act: March 6, 2022, 5:08 pm, Verified installation.
1OP-Act: March 6, 2022, 5:08 pm, Initialized variables to default values.
1OP-Act: March 6, 2022, 5:08 pm, Verified version information.
1OP-Act: March 6, 2022, 5:08 pm, Loaded cache file.
1OP-Act: March 6, 2022, 5:08 pm, Loaded libraries.
1OP-Act: March 6, 2022, 5:08 pm, Loaded library data.
1OP-Act: March 6, 2022, 5:08 pm, Generated tokens.
1OP-Act: March 6, 2022, 5:08 pm, Verified existing session.
1OP-Act: March 6, 2022, 5:08 pm, Verified user log file.
1OP-Act: March 6, 2022, 5:08 pm, Verified user cache file.
1OP-Act: March 6, 2022, 5:08 pm, Verified user notifications file.
1OP-Act: March 6, 2022, 5:08 pm, Saved changes to the user cache file.
1OP-Act: March 6, 2022, 5:08 pm, Loaded user cache file.
1OP-Act: March 6, 2022, 5:08 pm, Verified installation.
1OP-Act: March 6, 2022, 5:08 pm, Initialized variables to default values.
1OP-Act: March 6, 2022, 5:08 pm, Verified version information.
1OP-Act: March 6, 2022, 5:08 pm, Loaded cache file.
1OP-Act: March 6, 2022, 5:08 pm, Loaded libraries.
1OP-Act: March 6, 2022, 5:08 pm, Loaded library data.
1OP-Act: March 6, 2022, 5:08 pm, Generated tokens.
1OP-Act: March 6, 2022, 5:08 pm, Verified existing session.
1OP-Act: March 6, 2022, 5:08 pm, Verified user log file.
1OP-Act: March 6, 2022, 5:08 pm, Verified user cache file.
1OP-Act: March 6, 2022, 5:08 pm, Verified user notifications file.
1OP-Act: March 6, 2022, 5:08 pm, Saved changes to the user cache file.
1OP-Act: March 6, 2022, 5:08 pm, Loaded user cache file.
1OP-Act: March 6, 2022, 5:08 pm, Verified installation.
1OP-Act: March 6, 2022, 5:08 pm, Initialized variables to default values.
1OP-Act: March 6, 2022, 5:08 pm, Verified version information.
1OP-Act: March 6, 2022, 5:08 pm, Loaded cache file.
1OP-Act: March 6, 2022, 5:08 pm, Loaded libraries.
1OP-Act: March 6, 2022, 5:08 pm, Loaded library data.
1OP-Act: March 6, 2022, 5:08 pm, Generated tokens.
1OP-Act: March 6, 2022, 5:08 pm, Verified existing session.
1OP-Act: March 6, 2022, 5:08 pm, Verified user log file.
1OP-Act: March 6, 2022, 5:08 pm, Verified user cache file.
1OP-Act: March 6, 2022, 5:08 pm, Verified user notifications file.
1OP-Act: March 6, 2022, 5:08 pm, Saved changes to the user cache file.
1OP-Act: March 6, 2022, 5:08 pm, Loaded user cache file.
1OP-Act: March 6, 2022, 5:08 pm, Verified installation.
1OP-Act: March 6, 2022, 5:08 pm, Initialized variables to default values.
1OP-Act: March 6, 2022, 5:08 pm, Verified version information.
1OP-Act: March 6, 2022, 5:08 pm, Loaded cache file.
1OP-Act: March 6, 2022, 5:08 pm, Loaded libraries.
1OP-Act: March 6, 2022, 5:08 pm, Loaded library data.
1OP-Act: March 6, 2022, 5:08 pm, Generated tokens.
1OP-Act: March 6, 2022, 5:08 pm, Verified existing session.
1OP-Act: March 6, 2022, 5:08 pm, Verified user log file.
1OP-Act: March 6, 2022, 5:08 pm, Verified user cache file.
1OP-Act: March 6, 2022, 5:08 pm, Verified user notifications file.
1OP-Act: March 6, 2022, 5:08 pm, Saved changes to the user cache file.
1OP-Act: March 6, 2022, 5:08 pm, Loaded user cache file.
1OP-Act: March 6, 2022, 5:08 pm, Verified installation.
1OP-Act: March 6, 2022, 5:08 pm, Initialized variables to default values.
1OP-Act: March 6, 2022, 5:08 pm, Verified version information.
1OP-Act: March 6, 2022, 5:08 pm, Loaded cache file.
1OP-Act: March 6, 2022, 5:08 pm, Loaded libraries.
1OP-Act: March 6, 2022, 5:08 pm, Loaded library data.
1OP-Act: March 6, 2022, 5:08 pm, Generated tokens.
1OP-Act: March 6, 2022, 5:08 pm, Verified existing session.
1OP-Act: March 6, 2022, 5:08 pm, Verified user log file.
1OP-Act: March 6, 2022, 5:08 pm, Verified user cache file.
1OP-Act: March 6, 2022, 5:08 pm, Verified user notifications file.
1OP-Act: March 6, 2022, 5:08 pm, Saved changes to the user cache file.
1OP-Act: March 6, 2022, 5:08 pm, Loaded user cache file.
1OP-Act: March 6, 2022, 5:08 pm, Verified installation.
1OP-Act: March 6, 2022, 5:08 pm, Initialized variables to default values.
1OP-Act: March 6, 2022, 5:08 pm, Verified version information.
1OP-Act: March 6, 2022, 5:08 pm, Loaded cache file.
1OP-Act: March 6, 2022, 5:08 pm, Loaded libraries.
1OP-Act: March 6, 2022, 5:08 pm, Loaded library data.
1OP-Act: March 6, 2022, 5:08 pm, Generated tokens.
1OP-Act: March 6, 2022, 5:08 pm, Verified existing session.
1OP-Act: March 6, 2022, 5:08 pm, Verified user log file.
1OP-Act: March 6, 2022, 5:08 pm, Verified user cache file.
1OP-Act: March 6, 2022, 5:08 pm, Verified user notifications file.
1OP-Act: March 6, 2022, 5:08 pm, Saved changes to the user cache file.
1OP-Act: March 6, 2022, 5:08 pm, Loaded user cache file.
1OP-Act: March 6, 2022, 5:08 pm, Verified installation.
1OP-Act: March 6, 2022, 5:08 pm, Initialized variables to default values.
1OP-Act: March 6, 2022, 5:08 pm, Verified version information.
1OP-Act: March 6, 2022, 5:08 pm, Loaded cache file.
1OP-Act: March 6, 2022, 5:08 pm, Verified global variables.
1OP-Act: March 6, 2022, 5:08 pm, Loaded libraries.
1OP-Act: March 6, 2022, 5:08 pm, Loaded library data.
1OP-Act: March 6, 2022, 5:08 pm, Deferred authentication procedure.
1OP-Act: March 6, 2022, 5:09 pm, Verified installation.
1OP-Act: March 6, 2022, 5:09 pm, Initialized variables to default values.
1OP-Act: March 6, 2022, 5:09 pm, Verified version information.
1OP-Act: March 6, 2022, 5:09 pm, Loaded cache file.
1OP-Act: March 6, 2022, 5:09 pm, Verified global variables.
1OP-Act: March 6, 2022, 5:09 pm, Loaded libraries.
1OP-Act: March 6, 2022, 5:09 pm, Loaded library data.
1OP-Act: March 6, 2022, 5:09 pm, Deferred authentication procedure.
1OP-Act: March 6, 2022, 5:09 pm, User requested tokens for login.
1OP-Act: March 6, 2022, 5:12 pm, Verified installation.
1OP-Act: March 6, 2022, 5:12 pm, Initialized variables to default values.
1OP-Act: March 6, 2022, 5:12 pm, Verified version information.
1OP-Act: March 6, 2022, 5:12 pm, Loaded cache file.
1OP-Act: March 6, 2022, 5:12 pm, Verified global variables.
1OP-Act: March 6, 2022, 5:12 pm, Loaded libraries.
1OP-Act: March 6, 2022, 5:12 pm, Loaded library data.
1OP-Act: March 6, 2022, 5:12 pm, Deferred authentication procedure.
1OP-Act: March 6, 2022, 5:12 pm, Verified installation.
1OP-Act: March 6, 2022, 5:12 pm, Initialized variables to default values.
1OP-Act: March 6, 2022, 5:12 pm, Verified version information.
1OP-Act: March 6, 2022, 5:12 pm, Loaded cache file.
1OP-Act: March 6, 2022, 5:12 pm, Verified global variables.
1OP-Act: March 6, 2022, 5:12 pm, Loaded libraries.
1OP-Act: March 6, 2022, 5:12 pm, Loaded library data.
1OP-Act: March 6, 2022, 5:12 pm, Deferred authentication procedure.
1OP-Act: March 6, 2022, 5:12 pm, User requested tokens for login.
1OP-Act: March 6, 2022, 5:12 pm, Verified installation.
1OP-Act: March 6, 2022, 5:12 pm, Initialized variables to default values.
1OP-Act: March 6, 2022, 5:12 pm, Verified version information.
1OP-Act: March 6, 2022, 5:12 pm, Loaded cache file.
1OP-Act: March 6, 2022, 5:12 pm, Loaded libraries.
1OP-Act: March 6, 2022, 5:12 pm, Loaded library data.
1OP-Act: March 6, 2022, 5:12 pm, Generated tokens.
1OP-Act: March 6, 2022, 5:12 pm, 22986f1d5bd079cd20d36d742373e714f912b219f141adafd8b867e405642a65 22986f1d5bd079cd20d36d742373e714f912b219f141adafd8b867e405642a65
1OP-Act: March 6, 2022, 5:12 pm, Authenticated UserName zelon88, UserID 7, SessionID f33f4ef3ba2aa7609c41f9fbbde3b55c9b60b0a6e29348cb42183cecb7bac017.
1OP-Act: March 6, 2022, 5:12 pm, Verified user log file.
1OP-Act: March 6, 2022, 5:12 pm, Verified user cache file.
1OP-Act: March 6, 2022, 5:12 pm, Verified user notifications file.
1OP-Act: March 6, 2022, 5:12 pm, Saved changes to the user cache file.
1OP-Act: March 6, 2022, 5:12 pm, Loaded user cache file.
1OP-Act: March 6, 2022, 5:12 pm, Verified installation.
1OP-Act: March 6, 2022, 5:12 pm, Initialized variables to default values.
1OP-Act: March 6, 2022, 5:12 pm, Verified version information.
1OP-Act: March 6, 2022, 5:12 pm, Loaded cache file.
1OP-Act: March 6, 2022, 5:12 pm, Loaded libraries.
1OP-Act: March 6, 2022, 5:12 pm, Loaded library data.
1OP-Act: March 6, 2022, 5:12 pm, Generated tokens.
1OP-Act: March 6, 2022, 5:12 pm, Verified existing session.
1OP-Act: March 6, 2022, 5:12 pm, Verified user log file.
1OP-Act: March 6, 2022, 5:12 pm, Verified user cache file.
1OP-Act: March 6, 2022, 5:12 pm, Verified user notifications file.
1OP-Act: March 6, 2022, 5:12 pm, Saved changes to the user cache file.
1OP-Act: March 6, 2022, 5:12 pm, Loaded user cache file.
1OP-Act: March 6, 2022, 5:12 pm, Verified installation.
1OP-Act: March 6, 2022, 5:12 pm, Initialized variables to default values.
1OP-Act: March 6, 2022, 5:12 pm, Verified version information.
1OP-Act: March 6, 2022, 5:12 pm, Loaded cache file.
1OP-Act: March 6, 2022, 5:12 pm, Loaded libraries.
1OP-Act: March 6, 2022, 5:12 pm, Loaded library data.
1OP-Act: March 6, 2022, 5:12 pm, Generated tokens.
1OP-Act: March 6, 2022, 5:12 pm, Verified existing session.
1OP-Act: March 6, 2022, 5:12 pm, Verified user log file.
1OP-Act: March 6, 2022, 5:12 pm, Verified user cache file.
1OP-Act: March 6, 2022, 5:12 pm, Verified user notifications file.
1OP-Act: March 6, 2022, 5:12 pm, Saved changes to the user cache file.
1OP-Act: March 6, 2022, 5:12 pm, Loaded user cache file.
1OP-Act: March 6, 2022, 5:12 pm, Verified installation.
1OP-Act: March 6, 2022, 5:12 pm, Initialized variables to default values.
1OP-Act: March 6, 2022, 5:12 pm, Verified version information.
1OP-Act: March 6, 2022, 5:12 pm, Loaded cache file.
1OP-Act: March 6, 2022, 5:12 pm, Loaded libraries.
1OP-Act: March 6, 2022, 5:12 pm, Loaded library data.
1OP-Act: March 6, 2022, 5:12 pm, Generated tokens.
1OP-Act: March 6, 2022, 5:12 pm, Verified existing session.
1OP-Act: March 6, 2022, 5:12 pm, Verified user log file.
1OP-Act: March 6, 2022, 5:12 pm, Verified user cache file.
1OP-Act: March 6, 2022, 5:12 pm, Verified user notifications file.
1OP-Act: March 6, 2022, 5:12 pm, Saved changes to the user cache file.
1OP-Act: March 6, 2022, 5:12 pm, Loaded user cache file.
1OP-Act: March 6, 2022, 5:12 pm, Verified installation.
1OP-Act: March 6, 2022, 5:12 pm, Initialized variables to default values.
1OP-Act: March 6, 2022, 5:12 pm, Verified version information.
1OP-Act: March 6, 2022, 5:12 pm, Loaded cache file.
1OP-Act: March 6, 2022, 5:12 pm, Loaded libraries.
1OP-Act: March 6, 2022, 5:12 pm, Loaded library data.
1OP-Act: March 6, 2022, 5:12 pm, Generated tokens.
1OP-Act: March 6, 2022, 5:12 pm, Verified existing session.
1OP-Act: March 6, 2022, 5:12 pm, Verified user log file.
1OP-Act: March 6, 2022, 5:12 pm, Verified user cache file.
1OP-Act: March 6, 2022, 5:12 pm, Verified user notifications file.
1OP-Act: March 6, 2022, 5:12 pm, Saved changes to the user cache file.
1OP-Act: March 6, 2022, 5:12 pm, Loaded user cache file.
1OP-Act: March 6, 2022, 5:12 pm, Verified installation.
1OP-Act: March 6, 2022, 5:12 pm, Initialized variables to default values.
1OP-Act: March 6, 2022, 5:12 pm, Verified version information.
1OP-Act: March 6, 2022, 5:12 pm, Loaded cache file.
1OP-Act: March 6, 2022, 5:12 pm, Loaded libraries.
1OP-Act: March 6, 2022, 5:12 pm, Loaded library data.
1OP-Act: March 6, 2022, 5:12 pm, Generated tokens.
1OP-Act: March 6, 2022, 5:12 pm, Verified existing session.
1OP-Act: March 6, 2022, 5:12 pm, Verified user log file.
1OP-Act: March 6, 2022, 5:12 pm, Verified user cache file.
1OP-Act: March 6, 2022, 5:12 pm, Verified user notifications file.
1OP-Act: March 6, 2022, 5:12 pm, Saved changes to the user cache file.
1OP-Act: March 6, 2022, 5:12 pm, Loaded user cache file.
1OP-Act: March 6, 2022, 5:12 pm, Verified installation.
1OP-Act: March 6, 2022, 5:12 pm, Initialized variables to default values.
1OP-Act: March 6, 2022, 5:12 pm, Verified version information.
1OP-Act: March 6, 2022, 5:12 pm, Loaded cache file.
1OP-Act: March 6, 2022, 5:12 pm, Loaded libraries.
1OP-Act: March 6, 2022, 5:12 pm, Loaded library data.
1OP-Act: March 6, 2022, 5:12 pm, Generated tokens.
1OP-Act: March 6, 2022, 5:12 pm, Verified existing session.
1OP-Act: March 6, 2022, 5:12 pm, Verified user log file.
1OP-Act: March 6, 2022, 5:12 pm, Verified user cache file.
1OP-Act: March 6, 2022, 5:12 pm, Verified user notifications file.
1OP-Act: March 6, 2022, 5:12 pm, Saved changes to the user cache file.
1OP-Act: March 6, 2022, 5:12 pm, Loaded user cache file.
1OP-Act: March 6, 2022, 5:12 pm, Verified installation.
1OP-Act: March 6, 2022, 5:12 pm, Initialized variables to default values.
1OP-Act: March 6, 2022, 5:12 pm, Verified version information.
1OP-Act: March 6, 2022, 5:12 pm, Loaded cache file.
1OP-Act: March 6, 2022, 5:12 pm, Loaded libraries.
1OP-Act: March 6, 2022, 5:12 pm, Loaded library data.
1OP-Act: March 6, 2022, 5:12 pm, Generated tokens.
1OP-Act: March 6, 2022, 5:12 pm, Verified existing session.
1OP-Act: March 6, 2022, 5:12 pm, Verified user log file.
1OP-Act: March 6, 2022, 5:12 pm, Verified user cache file.
1OP-Act: March 6, 2022, 5:12 pm, Verified user notifications file.
1OP-Act: March 6, 2022, 5:12 pm, Saved changes to the user cache file.
1OP-Act: March 6, 2022, 5:12 pm, Loaded user cache file.
1OP-Act: March 6, 2022, 5:12 pm, Verified installation.
1OP-Act: March 6, 2022, 5:12 pm, Initialized variables to default values.
1OP-Act: March 6, 2022, 5:12 pm, Verified version information.
1OP-Act: March 6, 2022, 5:12 pm, Loaded cache file.
1OP-Act: March 6, 2022, 5:12 pm, Verified global variables.
1OP-Act: March 6, 2022, 5:12 pm, Loaded libraries.
1OP-Act: March 6, 2022, 5:12 pm, Loaded library data.
1OP-Act: March 6, 2022, 5:12 pm, Deferred authentication procedure.
1