OP-Act: March 13, 2022, 12:31 pm Created a log file, "/var/www/html/Logs/03-13-22_1943100.log".
OP-Act: March 13, 2022, 12:31 pm, Verified installation.
1OP-Act: March 13, 2022, 12:31 pm, Initialized variables to default values.
1OP-Act: March 13, 2022, 12:31 pm, Verified version information.
1OP-Act: March 13, 2022, 12:31 pm, Loaded cache file.
1OP-Act: March 13, 2022, 12:31 pm, Verified global variables.
1OP-Act: March 13, 2022, 12:31 pm, Loaded libraries.
1OP-Act: March 13, 2022, 12:31 pm, Loaded library data.
1OP-Act: March 13, 2022, 12:31 pm, Deferred authentication procedure.
1OP-Act: March 13, 2022, 12:36 pm, Verified installation.
1OP-Act: March 13, 2022, 12:36 pm, Initialized variables to default values.
1OP-Act: March 13, 2022, 12:36 pm, Verified version information.
1OP-Act: March 13, 2022, 12:36 pm, Loaded cache file.
1OP-Act: March 13, 2022, 12:36 pm, Verified global variables.
1OP-Act: March 13, 2022, 12:36 pm, Loaded libraries.
1OP-Act: March 13, 2022, 12:36 pm, Loaded library data.
1OP-Act: March 13, 2022, 12:36 pm, Deferred authentication procedure.
1OP-Act: March 13, 2022, 12:37 pm, Verified installation.
1OP-Act: March 13, 2022, 12:37 pm, Initialized variables to default values.
1OP-Act: March 13, 2022, 12:37 pm, Verified version information.
1OP-Act: March 13, 2022, 12:37 pm, Loaded cache file.
1OP-Act: March 13, 2022, 12:37 pm, Verified global variables.
1OP-Act: March 13, 2022, 12:37 pm, Loaded libraries.
1OP-Act: March 13, 2022, 12:37 pm, Loaded library data.
1OP-Act: March 13, 2022, 12:37 pm, Deferred authentication procedure.
1OP-Act: March 13, 2022, 12:38 pm, Verified installation.
1OP-Act: March 13, 2022, 12:38 pm, Initialized variables to default values.
1OP-Act: March 13, 2022, 12:38 pm, Verified version information.
1OP-Act: March 13, 2022, 12:38 pm, Loaded cache file.
1OP-Act: March 13, 2022, 12:38 pm, Verified global variables.
1OP-Act: March 13, 2022, 12:38 pm, Loaded libraries.
1OP-Act: March 13, 2022, 12:38 pm, Loaded library data.
1OP-Act: March 13, 2022, 12:38 pm, Deferred authentication procedure.
1OP-Act: March 13, 2022, 12:39 pm, Verified installation.
1OP-Act: March 13, 2022, 12:39 pm, Initialized variables to default values.
1OP-Act: March 13, 2022, 12:39 pm, Verified version information.
1OP-Act: March 13, 2022, 12:39 pm, Loaded cache file.
1OP-Act: March 13, 2022, 12:39 pm, Verified global variables.
1OP-Act: March 13, 2022, 12:39 pm, Loaded libraries.
1OP-Act: March 13, 2022, 12:39 pm, Loaded library data.
1OP-Act: March 13, 2022, 12:39 pm, Deferred authentication procedure.
1OP-Act: March 13, 2022, 12:39 pm, Verified installation.
1OP-Act: March 13, 2022, 12:39 pm, Initialized variables to default values.
1OP-Act: March 13, 2022, 12:39 pm, Verified version information.
1OP-Act: March 13, 2022, 12:39 pm, Loaded cache file.
1OP-Act: March 13, 2022, 12:39 pm, Verified global variables.
1OP-Act: March 13, 2022, 12:39 pm, Loaded libraries.
1OP-Act: March 13, 2022, 12:39 pm, Loaded library data.
1OP-Act: March 13, 2022, 12:39 pm, Deferred authentication procedure.
1OP-Act: March 13, 2022, 12:40 pm, Verified installation.
1OP-Act: March 13, 2022, 12:40 pm, Initialized variables to default values.
1OP-Act: March 13, 2022, 12:40 pm, Verified version information.
1OP-Act: March 13, 2022, 12:40 pm, Loaded cache file.
1OP-Act: March 13, 2022, 12:40 pm, Verified global variables.
1OP-Act: March 13, 2022, 12:40 pm, Loaded libraries.
1OP-Act: March 13, 2022, 12:40 pm, Loaded library data.
1OP-Act: March 13, 2022, 12:40 pm, Deferred authentication procedure.
1OP-Act: March 13, 2022, 12:40 pm, Verified installation.
1OP-Act: March 13, 2022, 12:40 pm, Initialized variables to default values.
1OP-Act: March 13, 2022, 12:40 pm, Verified version information.
1OP-Act: March 13, 2022, 12:40 pm, Loaded cache file.
1OP-Act: March 13, 2022, 12:40 pm, Verified global variables.
1OP-Act: March 13, 2022, 12:40 pm, Loaded libraries.
1OP-Act: March 13, 2022, 12:40 pm, Loaded library data.
1OP-Act: March 13, 2022, 12:40 pm, Deferred authentication procedure.
1OP-Act: March 13, 2022, 12:41 pm, Verified installation.
1OP-Act: March 13, 2022, 12:41 pm, Initialized variables to default values.
1OP-Act: March 13, 2022, 12:41 pm, Verified version information.
1OP-Act: March 13, 2022, 12:41 pm, Loaded cache file.
1OP-Act: March 13, 2022, 12:41 pm, Verified global variables.
1OP-Act: March 13, 2022, 12:41 pm, Loaded libraries.
1OP-Act: March 13, 2022, 12:41 pm, Loaded library data.
1OP-Act: March 13, 2022, 12:41 pm, Deferred authentication procedure.
1OP-Act: March 13, 2022, 12:41 pm, User requested tokens for login.
1OP-Act: March 13, 2022, 12:42 pm, Verified installation.
1OP-Act: March 13, 2022, 12:42 pm, Initialized variables to default values.
1OP-Act: March 13, 2022, 12:42 pm, Verified version information.
1OP-Act: March 13, 2022, 12:42 pm, Loaded cache file.
1OP-Act: March 13, 2022, 12:42 pm, Verified global variables.
1OP-Act: March 13, 2022, 12:42 pm, Loaded libraries.
1OP-Act: March 13, 2022, 12:42 pm, Loaded library data.
1OP-Act: March 13, 2022, 12:42 pm, Deferred authentication procedure.
1OP-Act: March 13, 2022, 12:43 pm, Verified installation.
1OP-Act: March 13, 2022, 12:43 pm, Initialized variables to default values.
1OP-Act: March 13, 2022, 12:43 pm, Verified version information.
1OP-Act: March 13, 2022, 12:43 pm, Loaded cache file.
1OP-Act: March 13, 2022, 12:43 pm, Verified global variables.
1OP-Act: March 13, 2022, 12:43 pm, Loaded libraries.
1OP-Act: March 13, 2022, 12:43 pm, Loaded library data.
1OP-Act: March 13, 2022, 12:43 pm, Deferred authentication procedure.
1OP-Act: March 13, 2022, 1:18 pm, Verified installation.
1OP-Act: March 13, 2022, 1:18 pm, Initialized variables to default values.
1OP-Act: March 13, 2022, 1:18 pm, Verified version information.
1OP-Act: March 13, 2022, 1:18 pm, Loaded cache file.
1OP-Act: March 13, 2022, 1:18 pm, Verified global variables.
1OP-Act: March 13, 2022, 1:18 pm, Loaded libraries.
1OP-Act: March 13, 2022, 1:18 pm, Loaded library data.
1OP-Act: March 13, 2022, 1:18 pm, Deferred authentication procedure.
1OP-Act: March 13, 2022, 1:46 pm, Verified installation.
1OP-Act: March 13, 2022, 1:46 pm, Initialized variables to default values.
1OP-Act: March 13, 2022, 1:46 pm, Verified version information.
1OP-Act: March 13, 2022, 1:46 pm, Loaded cache file.
1OP-Act: March 13, 2022, 1:46 pm, Verified global variables.
1OP-Act: March 13, 2022, 1:46 pm, Loaded libraries.
1OP-Act: March 13, 2022, 1:46 pm, Loaded library data.
1OP-Act: March 13, 2022, 1:46 pm, Deferred authentication procedure.
1OP-Act: March 13, 2022, 2:01 pm, Verified installation.
1OP-Act: March 13, 2022, 2:01 pm, Initialized variables to default values.
1OP-Act: March 13, 2022, 2:01 pm, Verified version information.
1OP-Act: March 13, 2022, 2:01 pm, Loaded cache file.
1OP-Act: March 13, 2022, 2:01 pm, Verified global variables.
1OP-Act: March 13, 2022, 2:01 pm, Loaded libraries.
1OP-Act: March 13, 2022, 2:01 pm, Loaded library data.
1OP-Act: March 13, 2022, 2:01 pm, Deferred authentication procedure.
1OP-Act: March 13, 2022, 4:03 pm, Verified installation.
1OP-Act: March 13, 2022, 4:03 pm, Initialized variables to default values.
1OP-Act: March 13, 2022, 4:03 pm, Verified version information.
1OP-Act: March 13, 2022, 4:03 pm, Loaded cache file.
1OP-Act: March 13, 2022, 4:03 pm, Verified global variables.
1OP-Act: March 13, 2022, 4:03 pm, Loaded libraries.
1OP-Act: March 13, 2022, 4:03 pm, Loaded library data.
1OP-Act: March 13, 2022, 4:03 pm, Deferred authentication procedure.
1OP-Act: March 13, 2022, 4:05 pm, Verified installation.
1OP-Act: March 13, 2022, 4:05 pm, Initialized variables to default values.
1OP-Act: March 13, 2022, 4:05 pm, Verified version information.
1OP-Act: March 13, 2022, 4:05 pm, Loaded cache file.
1OP-Act: March 13, 2022, 4:05 pm, Verified global variables.
1OP-Act: March 13, 2022, 4:05 pm, Loaded libraries.
1OP-Act: March 13, 2022, 4:05 pm, Loaded library data.
1OP-Act: March 13, 2022, 4:05 pm, Deferred authentication procedure.
1OP-Act: March 13, 2022, 4:05 pm, User requested tokens for login.
1OP-Act: March 13, 2022, 4:05 pm, Verified installation.
1OP-Act: March 13, 2022, 4:05 pm, Initialized variables to default values.
1OP-Act: March 13, 2022, 4:05 pm, Verified version information.
1OP-Act: March 13, 2022, 4:05 pm, Loaded cache file.
1OP-Act: March 13, 2022, 4:05 pm, Verified global variables.
1OP-Act: March 13, 2022, 4:05 pm, Loaded libraries.
1OP-Act: March 13, 2022, 4:05 pm, Loaded library data.
1OP-Act: March 13, 2022, 4:05 pm, Deferred authentication procedure.
1OP-Act: March 13, 2022, 4:05 pm, User requested tokens for login.
1OP-Act: March 13, 2022, 4:05 pm, Verified installation.
1OP-Act: March 13, 2022, 4:05 pm, Initialized variables to default values.
1OP-Act: March 13, 2022, 4:05 pm, Verified version information.
1OP-Act: March 13, 2022, 4:05 pm, Loaded cache file.
1OP-Act: March 13, 2022, 4:05 pm, Verified global variables.
1OP-Act: March 13, 2022, 4:05 pm, Loaded libraries.
1OP-Act: March 13, 2022, 4:05 pm, Loaded library data.
1OP-Act: March 13, 2022, 4:05 pm, Deferred authentication procedure.
1OP-Act: March 13, 2022, 4:05 pm, Verified installation.
1OP-Act: March 13, 2022, 4:05 pm, Initialized variables to default values.
1OP-Act: March 13, 2022, 4:05 pm, Verified version information.
1OP-Act: March 13, 2022, 4:05 pm, Loaded cache file.
1OP-Act: March 13, 2022, 4:05 pm, Verified global variables.
1OP-Act: March 13, 2022, 4:05 pm, Loaded libraries.
1OP-Act: March 13, 2022, 4:05 pm, Loaded library data.
1OP-Act: March 13, 2022, 4:05 pm, Deferred authentication procedure.
1OP-Act: March 13, 2022, 4:05 pm, User requested tokens for login.
1OP-Act: March 13, 2022, 4:07 pm, Verified installation.
1OP-Act: March 13, 2022, 4:07 pm, Initialized variables to default values.
1OP-Act: March 13, 2022, 4:07 pm, Verified version information.
1OP-Act: March 13, 2022, 4:07 pm, Loaded cache file.
1OP-Act: March 13, 2022, 4:07 pm, Verified global variables.
1OP-Act: March 13, 2022, 4:07 pm, Loaded libraries.
1OP-Act: March 13, 2022, 4:07 pm, Loaded library data.
1OP-Act: March 13, 2022, 4:07 pm, Deferred authentication procedure.
1OP-Act: March 13, 2022, 4:07 pm, Verified installation.
1OP-Act: March 13, 2022, 4:07 pm, Initialized variables to default values.
1OP-Act: March 13, 2022, 4:07 pm, Verified version information.
1OP-Act: March 13, 2022, 4:07 pm, Loaded cache file.
1OP-Act: March 13, 2022, 4:07 pm, Verified global variables.
1OP-Act: March 13, 2022, 4:07 pm, Loaded libraries.
1OP-Act: March 13, 2022, 4:07 pm, Loaded library data.
1OP-Act: March 13, 2022, 4:07 pm, Deferred authentication procedure.
1OP-Act: March 13, 2022, 4:07 pm, User requested tokens for login.
1OP-Act: March 13, 2022, 4:07 pm, Verified installation.
1OP-Act: March 13, 2022, 4:07 pm, Initialized variables to default values.
1OP-Act: March 13, 2022, 4:07 pm, Verified version information.
1OP-Act: March 13, 2022, 4:07 pm, Loaded cache file.
1OP-Act: March 13, 2022, 4:07 pm, Verified global variables.
1OP-Act: March 13, 2022, 4:07 pm, Loaded libraries.
1OP-Act: March 13, 2022, 4:07 pm, Loaded library data.
1OP-Act: March 13, 2022, 4:07 pm, Deferred authentication procedure.
1OP-Act: March 13, 2022, 4:07 pm, User requested tokens for login.
1OP-Act: March 13, 2022, 4:07 pm, Verified installation.
1OP-Act: March 13, 2022, 4:07 pm, Initialized variables to default values.
1OP-Act: March 13, 2022, 4:07 pm, Verified version information.
1OP-Act: March 13, 2022, 4:07 pm, Loaded cache file.
1OP-Act: March 13, 2022, 4:07 pm, Verified global variables.
1OP-Act: March 13, 2022, 4:07 pm, Loaded libraries.
1OP-Act: March 13, 2022, 4:07 pm, Loaded library data.
1OP-Act: March 13, 2022, 4:07 pm, Deferred authentication procedure.
1OP-Act: March 13, 2022, 4:07 pm, User requested tokens for login.
1OP-Act: March 13, 2022, 4:07 pm, Verified installation.
1OP-Act: March 13, 2022, 4:07 pm, Initialized variables to default values.
1OP-Act: March 13, 2022, 4:07 pm, Verified version information.
1OP-Act: March 13, 2022, 4:07 pm, Loaded cache file.
1OP-Act: March 13, 2022, 4:07 pm, Verified global variables.
1OP-Act: March 13, 2022, 4:07 pm, Loaded libraries.
1OP-Act: March 13, 2022, 4:07 pm, Loaded library data.
1OP-Act: March 13, 2022, 4:07 pm, Deferred authentication procedure.
1OP-Act: March 13, 2022, 4:07 pm, User requested tokens for login.
1OP-Act: March 13, 2022, 4:07 pm, Verified installation.
1OP-Act: March 13, 2022, 4:07 pm, Initialized variables to default values.
1OP-Act: March 13, 2022, 4:07 pm, Verified version information.
1OP-Act: March 13, 2022, 4:07 pm, Loaded cache file.
1OP-Act: March 13, 2022, 4:07 pm, Verified global variables.
1OP-Act: March 13, 2022, 4:07 pm, Loaded libraries.
1OP-Act: March 13, 2022, 4:07 pm, Loaded library data.
1OP-Act: March 13, 2022, 4:07 pm, Deferred authentication procedure.
1OP-Act: March 13, 2022, 4:07 pm, User requested tokens for login.
1OP-Act: March 13, 2022, 4:07 pm, Verified installation.
1OP-Act: March 13, 2022, 4:07 pm, Initialized variables to default values.
1OP-Act: March 13, 2022, 4:07 pm, Verified version information.
1OP-Act: March 13, 2022, 4:07 pm, Loaded cache file.
1OP-Act: March 13, 2022, 4:07 pm, Verified global variables.
1OP-Act: March 13, 2022, 4:07 pm, Loaded libraries.
1OP-Act: March 13, 2022, 4:07 pm, Loaded library data.
1OP-Act: March 13, 2022, 4:07 pm, Deferred authentication procedure.
1OP-Act: March 13, 2022, 4:07 pm, User requested tokens for login.
1OP-Act: March 13, 2022, 4:07 pm, Verified installation.
1OP-Act: March 13, 2022, 4:07 pm, Initialized variables to default values.
1OP-Act: March 13, 2022, 4:07 pm, Verified version information.
1OP-Act: March 13, 2022, 4:07 pm, Loaded cache file.
1OP-Act: March 13, 2022, 4:07 pm, Verified global variables.
1OP-Act: March 13, 2022, 4:07 pm, Loaded libraries.
1OP-Act: March 13, 2022, 4:07 pm, Loaded library data.
1OP-Act: March 13, 2022, 4:07 pm, Deferred authentication procedure.
1OP-Act: March 13, 2022, 4:07 pm, User requested tokens for login.
1OP-Act: March 13, 2022, 4:07 pm, Verified installation.
1OP-Act: March 13, 2022, 4:07 pm, Initialized variables to default values.
1OP-Act: March 13, 2022, 4:07 pm, Verified version information.
1OP-Act: March 13, 2022, 4:07 pm, Loaded cache file.
1OP-Act: March 13, 2022, 4:07 pm, Verified global variables.
1OP-Act: March 13, 2022, 4:07 pm, Loaded libraries.
1OP-Act: March 13, 2022, 4:07 pm, Loaded library data.
1OP-Act: March 13, 2022, 4:07 pm, Deferred authentication procedure.
1OP-Act: March 13, 2022, 4:07 pm, User requested tokens for login.
1OP-Act: March 13, 2022, 4:07 pm, Verified installation.
1OP-Act: March 13, 2022, 4:07 pm, Initialized variables to default values.
1OP-Act: March 13, 2022, 4:07 pm, Verified version information.
1OP-Act: March 13, 2022, 4:07 pm, Loaded cache file.
1OP-Act: March 13, 2022, 4:07 pm, Verified global variables.
1OP-Act: March 13, 2022, 4:07 pm, Loaded libraries.
1OP-Act: March 13, 2022, 4:07 pm, Loaded library data.
1OP-Act: March 13, 2022, 4:07 pm, Deferred authentication procedure.
1OP-Act: March 13, 2022, 4:07 pm, User requested tokens for login.
1OP-Act: March 13, 2022, 4:07 pm, Verified installation.
1OP-Act: March 13, 2022, 4:07 pm, Initialized variables to default values.
1OP-Act: March 13, 2022, 4:07 pm, Verified version information.
1OP-Act: March 13, 2022, 4:07 pm, Loaded cache file.
1OP-Act: March 13, 2022, 4:07 pm, Verified global variables.
1OP-Act: March 13, 2022, 4:07 pm, Loaded libraries.
1OP-Act: March 13, 2022, 4:07 pm, Loaded library data.
1OP-Act: March 13, 2022, 4:07 pm, Deferred authentication procedure.
1OP-Act: March 13, 2022, 4:07 pm, User requested tokens for login.
1OP-Act: March 13, 2022, 4:07 pm, Verified installation.
1OP-Act: March 13, 2022, 4:07 pm, Initialized variables to default values.
1OP-Act: March 13, 2022, 4:07 pm, Verified version information.
1OP-Act: March 13, 2022, 4:07 pm, Loaded cache file.
1OP-Act: March 13, 2022, 4:07 pm, Verified global variables.
1OP-Act: March 13, 2022, 4:07 pm, Loaded libraries.
1OP-Act: March 13, 2022, 4:07 pm, Loaded library data.
1OP-Act: March 13, 2022, 4:07 pm, Deferred authentication procedure.
1OP-Act: March 13, 2022, 4:07 pm, User requested tokens for login.
1OP-Act: March 13, 2022, 4:07 pm, Verified installation.
1OP-Act: March 13, 2022, 4:07 pm, Initialized variables to default values.
1OP-Act: March 13, 2022, 4:07 pm, Verified version information.
1OP-Act: March 13, 2022, 4:07 pm, Loaded cache file.
1OP-Act: March 13, 2022, 4:07 pm, Verified global variables.
1OP-Act: March 13, 2022, 4:07 pm, Loaded libraries.
1OP-Act: March 13, 2022, 4:07 pm, Loaded library data.
1OP-Act: March 13, 2022, 4:07 pm, Deferred authentication procedure.
1OP-Act: March 13, 2022, 4:09 pm, Verified installation.
1OP-Act: March 13, 2022, 4:09 pm, Initialized variables to default values.
1OP-Act: March 13, 2022, 4:09 pm, Verified version information.
1OP-Act: March 13, 2022, 4:09 pm, Loaded cache file.
1OP-Act: March 13, 2022, 4:09 pm, Verified global variables.
1OP-Act: March 13, 2022, 4:09 pm, Loaded libraries.
1OP-Act: March 13, 2022, 4:09 pm, Loaded library data.
1OP-Act: March 13, 2022, 4:09 pm, Deferred authentication procedure.
1OP-Act: March 13, 2022, 4:09 pm, Verified installation.
1OP-Act: March 13, 2022, 4:09 pm, Initialized variables to default values.
1OP-Act: March 13, 2022, 4:09 pm, Verified version information.
1OP-Act: March 13, 2022, 4:09 pm, Loaded cache file.
1OP-Act: March 13, 2022, 4:09 pm, Verified global variables.
1OP-Act: March 13, 2022, 4:09 pm, Loaded libraries.
1OP-Act: March 13, 2022, 4:09 pm, Loaded library data.
1OP-Act: March 13, 2022, 4:09 pm, Deferred authentication procedure.
1OP-Act: March 13, 2022, 4:09 pm, Verified installation.
1OP-Act: March 13, 2022, 4:09 pm, Initialized variables to default values.
1OP-Act: March 13, 2022, 4:09 pm, Verified version information.
1OP-Act: March 13, 2022, 4:09 pm, Loaded cache file.
1OP-Act: March 13, 2022, 4:09 pm, Verified global variables.
1OP-Act: March 13, 2022, 4:09 pm, Loaded libraries.
1OP-Act: March 13, 2022, 4:09 pm, Loaded library data.
1OP-Act: March 13, 2022, 4:09 pm, Deferred authentication procedure.
1OP-Act: March 13, 2022, 4:09 pm, Verified installation.
1OP-Act: March 13, 2022, 4:09 pm, Initialized variables to default values.
1OP-Act: March 13, 2022, 4:09 pm, Verified version information.
1OP-Act: March 13, 2022, 4:09 pm, Loaded cache file.
1OP-Act: March 13, 2022, 4:09 pm, Verified global variables.
1OP-Act: March 13, 2022, 4:09 pm, Loaded libraries.
1OP-Act: March 13, 2022, 4:09 pm, Loaded library data.
1OP-Act: March 13, 2022, 4:09 pm, Deferred authentication procedure.
1OP-Act: March 13, 2022, 4:09 pm, Verified installation.
1OP-Act: March 13, 2022, 4:09 pm, Initialized variables to default values.
1OP-Act: March 13, 2022, 4:09 pm, Verified version information.
1OP-Act: March 13, 2022, 4:09 pm, Loaded cache file.
1OP-Act: March 13, 2022, 4:09 pm, Verified global variables.
1OP-Act: March 13, 2022, 4:09 pm, Loaded libraries.
1OP-Act: March 13, 2022, 4:09 pm, Loaded library data.
1OP-Act: March 13, 2022, 4:09 pm, Deferred authentication procedure.
1OP-Act: March 13, 2022, 4:09 pm, Verified installation.
1OP-Act: March 13, 2022, 4:09 pm, Initialized variables to default values.
1OP-Act: March 13, 2022, 4:09 pm, Verified version information.
1OP-Act: March 13, 2022, 4:09 pm, Loaded cache file.
1OP-Act: March 13, 2022, 4:09 pm, Verified global variables.
1OP-Act: March 13, 2022, 4:09 pm, Loaded libraries.
1OP-Act: March 13, 2022, 4:09 pm, Loaded library data.
1OP-Act: March 13, 2022, 4:09 pm, Deferred authentication procedure.
1OP-Act: March 13, 2022, 4:09 pm, User requested tokens for login.
1OP-Act: March 13, 2022, 4:11 pm, Verified installation.
1OP-Act: March 13, 2022, 4:11 pm, Initialized variables to default values.
1OP-Act: March 13, 2022, 4:11 pm, Verified version information.
1OP-Act: March 13, 2022, 4:11 pm, Loaded cache file.
1OP-Act: March 13, 2022, 4:11 pm, Verified global variables.
1OP-Act: March 13, 2022, 4:11 pm, Loaded libraries.
1OP-Act: March 13, 2022, 4:11 pm, Loaded library data.
1OP-Act: March 13, 2022, 4:11 pm, Deferred authentication procedure.
1OP-Act: March 13, 2022, 4:11 pm, Verified installation.
1OP-Act: March 13, 2022, 4:11 pm, Initialized variables to default values.
1OP-Act: March 13, 2022, 4:11 pm, Verified version information.
1OP-Act: March 13, 2022, 4:11 pm, Loaded cache file.
1OP-Act: March 13, 2022, 4:11 pm, Verified global variables.
1OP-Act: March 13, 2022, 4:11 pm, Loaded libraries.
1OP-Act: March 13, 2022, 4:11 pm, Loaded library data.
1OP-Act: March 13, 2022, 4:11 pm, Deferred authentication procedure.
1OP-Act: March 13, 2022, 4:11 pm, Verified installation.
1OP-Act: March 13, 2022, 4:11 pm, Initialized variables to default values.
1OP-Act: March 13, 2022, 4:11 pm, Verified version information.
1OP-Act: March 13, 2022, 4:11 pm, Loaded cache file.
1OP-Act: March 13, 2022, 4:11 pm, Verified global variables.
1OP-Act: March 13, 2022, 4:11 pm, Loaded libraries.
1OP-Act: March 13, 2022, 4:11 pm, Loaded library data.
1OP-Act: March 13, 2022, 4:11 pm, Deferred authentication procedure.
1OP-Act: March 13, 2022, 4:11 pm, Verified installation.
1OP-Act: March 13, 2022, 4:11 pm, Initialized variables to default values.
1OP-Act: March 13, 2022, 4:11 pm, Verified version information.
1OP-Act: March 13, 2022, 4:11 pm, Loaded cache file.
1OP-Act: March 13, 2022, 4:11 pm, Verified global variables.
1OP-Act: March 13, 2022, 4:11 pm, Loaded libraries.
1OP-Act: March 13, 2022, 4:11 pm, Loaded library data.
1OP-Act: March 13, 2022, 4:11 pm, Deferred authentication procedure.
1OP-Act: March 13, 2022, 4:11 pm, User requested tokens for login.
1OP-Act: March 13, 2022, 4:12 pm, Verified installation.
1OP-Act: March 13, 2022, 4:12 pm, Initialized variables to default values.
1OP-Act: March 13, 2022, 4:12 pm, Verified version information.
1OP-Act: March 13, 2022, 4:12 pm, Loaded cache file.
1OP-Act: March 13, 2022, 4:12 pm, Verified global variables.
1OP-Act: March 13, 2022, 4:12 pm, Loaded libraries.
1OP-Act: March 13, 2022, 4:12 pm, Loaded library data.
1OP-Act: March 13, 2022, 4:12 pm, Deferred authentication procedure.
1OP-Act: March 13, 2022, 4:12 pm, Verified installation.
1OP-Act: March 13, 2022, 4:12 pm, Initialized variables to default values.
1OP-Act: March 13, 2022, 4:12 pm, Verified version information.
1OP-Act: March 13, 2022, 4:12 pm, Loaded cache file.
1OP-Act: March 13, 2022, 4:12 pm, Verified global variables.
1OP-Act: March 13, 2022, 4:12 pm, Loaded libraries.
1OP-Act: March 13, 2022, 4:12 pm, Loaded library data.
1OP-Act: March 13, 2022, 4:12 pm, Deferred authentication procedure.
1OP-Act: March 13, 2022, 4:12 pm, User requested tokens for login.
1OP-Act: March 13, 2022, 4:12 pm, Verified installation.
1OP-Act: March 13, 2022, 4:12 pm, Initialized variables to default values.
1OP-Act: March 13, 2022, 4:12 pm, Verified version information.
1OP-Act: March 13, 2022, 4:12 pm, Loaded cache file.
1OP-Act: March 13, 2022, 4:12 pm, Loaded libraries.
1OP-Act: March 13, 2022, 4:12 pm, Loaded library data.
1OP-Act: March 13, 2022, 4:12 pm, Generated tokens.
1ERROR!!! 8, March 13, 2022, 4:12 pm, Invalid username or password!
OP-Act: March 13, 2022, 4:12 pm, Verified installation.
1OP-Act: March 13, 2022, 4:12 pm, Initialized variables to default values.
1OP-Act: March 13, 2022, 4:12 pm, Verified version information.
1OP-Act: March 13, 2022, 4:12 pm, Loaded cache file.
1OP-Act: March 13, 2022, 4:12 pm, Verified global variables.
1OP-Act: March 13, 2022, 4:12 pm, Loaded libraries.
1OP-Act: March 13, 2022, 4:12 pm, Loaded library data.
1OP-Act: March 13, 2022, 4:12 pm, Deferred authentication procedure.
1OP-Act: March 13, 2022, 4:16 pm, Verified installation.
1OP-Act: March 13, 2022, 4:16 pm, Initialized variables to default values.
1OP-Act: March 13, 2022, 4:16 pm, Verified version information.
1OP-Act: March 13, 2022, 4:16 pm, Loaded cache file.
1OP-Act: March 13, 2022, 4:16 pm, Verified global variables.
1OP-Act: March 13, 2022, 4:16 pm, Loaded libraries.
1OP-Act: March 13, 2022, 4:16 pm, Loaded library data.
1OP-Act: March 13, 2022, 4:16 pm, Deferred authentication procedure.
1OP-Act: March 13, 2022, 4:16 pm, Verified installation.
1OP-Act: March 13, 2022, 4:16 pm, Initialized variables to default values.
1OP-Act: March 13, 2022, 4:16 pm, Verified version information.
1OP-Act: March 13, 2022, 4:16 pm, Loaded cache file.
1OP-Act: March 13, 2022, 4:16 pm, Verified global variables.
1OP-Act: March 13, 2022, 4:16 pm, Loaded libraries.
1OP-Act: March 13, 2022, 4:16 pm, Loaded library data.
1OP-Act: March 13, 2022, 4:16 pm, Deferred authentication procedure.
1OP-Act: March 13, 2022, 4:16 pm, User requested tokens for login.
1OP-Act: March 13, 2022, 4:16 pm, Verified installation.
1OP-Act: March 13, 2022, 4:16 pm, Initialized variables to default values.
1OP-Act: March 13, 2022, 4:16 pm, Verified version information.
1OP-Act: March 13, 2022, 4:16 pm, Loaded cache file.
1OP-Act: March 13, 2022, 4:16 pm, Loaded libraries.
1OP-Act: March 13, 2022, 4:16 pm, Loaded library data.
1OP-Act: March 13, 2022, 4:16 pm, Generated tokens.
1OP-Act: March 13, 2022, 4:16 pm, d924367df02397d1f92931e937ce875b76ca1dcac43fae0c042de3137f96172f d924367df02397d1f92931e937ce875b76ca1dcac43fae0c042de3137f96172f
1OP-Act: March 13, 2022, 4:16 pm, Authenticated UserName test, UserID DEFAULT, SessionID fd754b82a10db401350d001c8c6e10f6846d93ceacba889735733a43ee398685.
1ERROR!!! 11, March 13, 2022, 4:16 pm, Could not generate a user log file!
OP-Act: March 13, 2022, 4:16 pm, Verified installation.
1OP-Act: March 13, 2022, 4:16 pm, Initialized variables to default values.
1OP-Act: March 13, 2022, 4:16 pm, Verified version information.
1OP-Act: March 13, 2022, 4:16 pm, Loaded cache file.
1OP-Act: March 13, 2022, 4:16 pm, Verified global variables.
1OP-Act: March 13, 2022, 4:16 pm, Loaded libraries.
1OP-Act: March 13, 2022, 4:16 pm, Loaded library data.
1OP-Act: March 13, 2022, 4:16 pm, Deferred authentication procedure.
1OP-Act: March 13, 2022, 4:16 pm, User requested tokens for login.
1OP-Act: March 13, 2022, 4:16 pm, Verified installation.
1OP-Act: March 13, 2022, 4:16 pm, Initialized variables to default values.
1OP-Act: March 13, 2022, 4:16 pm, Verified version information.
1OP-Act: March 13, 2022, 4:16 pm, Loaded cache file.
1OP-Act: March 13, 2022, 4:16 pm, Loaded libraries.
1OP-Act: March 13, 2022, 4:16 pm, Loaded library data.
1OP-Act: March 13, 2022, 4:16 pm, Generated tokens.
1OP-Act: March 13, 2022, 4:16 pm, d924367df02397d1f92931e937ce875b76ca1dcac43fae0c042de3137f96172f d924367df02397d1f92931e937ce875b76ca1dcac43fae0c042de3137f96172f
1OP-Act: March 13, 2022, 4:16 pm, Authenticated UserName zelon88, UserID 7, SessionID 79d4e2be9eef9b787e7fc0259df1dff64d4739486c421a24e1488a17922252f9.
1OP-Act: March 13, 2022, 4:16 pm, Verified user log file.
1OP-Act: March 13, 2022, 4:16 pm, Verified user cache file.
1OP-Act: March 13, 2022, 4:16 pm, Verified user notifications file.
1OP-Act: March 13, 2022, 4:16 pm, Saved changes to the user cache file.
1OP-Act: March 13, 2022, 4:16 pm, Loaded user cache file.
1OP-Act: March 13, 2022, 4:16 pm, Verified installation.
1OP-Act: March 13, 2022, 4:16 pm, Initialized variables to default values.
1OP-Act: March 13, 2022, 4:16 pm, Verified version information.
1OP-Act: March 13, 2022, 4:16 pm, Loaded cache file.
1OP-Act: March 13, 2022, 4:16 pm, Loaded libraries.
1OP-Act: March 13, 2022, 4:16 pm, Loaded library data.
1OP-Act: March 13, 2022, 4:16 pm, Generated tokens.
1OP-Act: March 13, 2022, 4:16 pm, Verified existing session.
1OP-Act: March 13, 2022, 4:16 pm, Verified user log file.
1OP-Act: March 13, 2022, 4:16 pm, Verified user cache file.
1OP-Act: March 13, 2022, 4:16 pm, Verified user notifications file.
1OP-Act: March 13, 2022, 4:16 pm, Saved changes to the user cache file.
1OP-Act: March 13, 2022, 4:16 pm, Loaded user cache file.
1OP-Act: March 13, 2022, 4:16 pm, Verified installation.
1OP-Act: March 13, 2022, 4:16 pm, Initialized variables to default values.
1OP-Act: March 13, 2022, 4:16 pm, Verified version information.
1OP-Act: March 13, 2022, 4:16 pm, Loaded cache file.
1OP-Act: March 13, 2022, 4:16 pm, Verified global variables.
1OP-Act: March 13, 2022, 4:16 pm, Loaded libraries.
1OP-Act: March 13, 2022, 4:16 pm, Loaded library data.
1OP-Act: March 13, 2022, 4:16 pm, Deferred authentication procedure.
1OP-Act: March 13, 2022, 4:16 pm, Verified installation.
1OP-Act: March 13, 2022, 4:16 pm, Initialized variables to default values.
1OP-Act: March 13, 2022, 4:16 pm, Verified version information.
1OP-Act: March 13, 2022, 4:16 pm, Loaded cache file.
1OP-Act: March 13, 2022, 4:16 pm, Verified global variables.
1OP-Act: March 13, 2022, 4:16 pm, Loaded libraries.
1OP-Act: March 13, 2022, 4:16 pm, Loaded library data.
1OP-Act: March 13, 2022, 4:16 pm, Deferred authentication procedure.
1OP-Act: March 13, 2022, 4:18 pm, Verified installation.
1OP-Act: March 13, 2022, 4:18 pm, Initialized variables to default values.
1OP-Act: March 13, 2022, 4:18 pm, Verified version information.
1OP-Act: March 13, 2022, 4:18 pm, Loaded cache file.
1OP-Act: March 13, 2022, 4:18 pm, Verified global variables.
1OP-Act: March 13, 2022, 4:18 pm, Loaded libraries.
1OP-Act: March 13, 2022, 4:18 pm, Loaded library data.
1OP-Act: March 13, 2022, 4:18 pm, Deferred authentication procedure.
1OP-Act: March 13, 2022, 4:18 pm, Verified installation.
1OP-Act: March 13, 2022, 4:18 pm, Initialized variables to default values.
1OP-Act: March 13, 2022, 4:18 pm, Verified version information.
1OP-Act: March 13, 2022, 4:18 pm, Loaded cache file.
1OP-Act: March 13, 2022, 4:18 pm, Verified global variables.
1OP-Act: March 13, 2022, 4:18 pm, Loaded libraries.
1OP-Act: March 13, 2022, 4:18 pm, Loaded library data.
1OP-Act: March 13, 2022, 4:18 pm, Deferred authentication procedure.
1OP-Act: March 13, 2022, 4:18 pm, Verified installation.
1OP-Act: March 13, 2022, 4:18 pm, Initialized variables to default values.
1OP-Act: March 13, 2022, 4:18 pm, Verified version information.
1OP-Act: March 13, 2022, 4:18 pm, Loaded cache file.
1OP-Act: March 13, 2022, 4:18 pm, Verified global variables.
1OP-Act: March 13, 2022, 4:18 pm, Loaded libraries.
1OP-Act: March 13, 2022, 4:18 pm, Loaded library data.
1OP-Act: March 13, 2022, 4:18 pm, Deferred authentication procedure.
1OP-Act: March 13, 2022, 4:18 pm, Verified installation.
1OP-Act: March 13, 2022, 4:18 pm, Initialized variables to default values.
1OP-Act: March 13, 2022, 4:18 pm, Verified version information.
1OP-Act: March 13, 2022, 4:18 pm, Loaded cache file.
1OP-Act: March 13, 2022, 4:18 pm, Verified global variables.
1OP-Act: March 13, 2022, 4:18 pm, Loaded libraries.
1OP-Act: March 13, 2022, 4:18 pm, Loaded library data.
1OP-Act: March 13, 2022, 4:18 pm, Deferred authentication procedure.
1OP-Act: March 13, 2022, 4:19 pm, Verified installation.
1OP-Act: March 13, 2022, 4:19 pm, Initialized variables to default values.
1OP-Act: March 13, 2022, 4:19 pm, Verified version information.
1OP-Act: March 13, 2022, 4:19 pm, Loaded cache file.
1OP-Act: March 13, 2022, 4:19 pm, Verified global variables.
1OP-Act: March 13, 2022, 4:19 pm, Loaded libraries.
1OP-Act: March 13, 2022, 4:19 pm, Loaded library data.
1OP-Act: March 13, 2022, 4:19 pm, Deferred authentication procedure.
1OP-Act: March 13, 2022, 4:19 pm, Verified installation.
1OP-Act: March 13, 2022, 4:19 pm, Initialized variables to default values.
1OP-Act: March 13, 2022, 4:19 pm, Verified version information.
1OP-Act: March 13, 2022, 4:19 pm, Loaded cache file.
1OP-Act: March 13, 2022, 4:19 pm, Verified global variables.
1OP-Act: March 13, 2022, 4:19 pm, Loaded libraries.
1OP-Act: March 13, 2022, 4:19 pm, Loaded library data.
1OP-Act: March 13, 2022, 4:19 pm, Deferred authentication procedure.
1OP-Act: March 13, 2022, 4:20 pm, Verified installation.
1OP-Act: March 13, 2022, 4:20 pm, Initialized variables to default values.
1OP-Act: March 13, 2022, 4:20 pm, Verified version information.
1OP-Act: March 13, 2022, 4:20 pm, Loaded cache file.
1OP-Act: March 13, 2022, 4:20 pm, Verified global variables.
1OP-Act: March 13, 2022, 4:20 pm, Loaded libraries.
1OP-Act: March 13, 2022, 4:20 pm, Loaded library data.
1OP-Act: March 13, 2022, 4:20 pm, Deferred authentication procedure.
1OP-Act: March 13, 2022, 4:20 pm, Verified installation.
1OP-Act: March 13, 2022, 4:20 pm, Initialized variables to default values.
1OP-Act: March 13, 2022, 4:20 pm, Verified version information.
1OP-Act: March 13, 2022, 4:20 pm, Loaded cache file.
1OP-Act: March 13, 2022, 4:20 pm, Verified global variables.
1OP-Act: March 13, 2022, 4:20 pm, Loaded libraries.
1OP-Act: March 13, 2022, 4:20 pm, Loaded library data.
1OP-Act: March 13, 2022, 4:20 pm, Deferred authentication procedure.
1OP-Act: March 13, 2022, 4:20 pm, Verified installation.
1OP-Act: March 13, 2022, 4:20 pm, Initialized variables to default values.
1OP-Act: March 13, 2022, 4:20 pm, Verified version information.
1OP-Act: March 13, 2022, 4:20 pm, Loaded cache file.
1OP-Act: March 13, 2022, 4:20 pm, Verified global variables.
1OP-Act: March 13, 2022, 4:20 pm, Loaded libraries.
1OP-Act: March 13, 2022, 4:20 pm, Loaded library data.
1OP-Act: March 13, 2022, 4:20 pm, Deferred authentication procedure.
1OP-Act: March 13, 2022, 4:20 pm, Verified installation.
1OP-Act: March 13, 2022, 4:20 pm, Initialized variables to default values.
1OP-Act: March 13, 2022, 4:20 pm, Verified version information.
1OP-Act: March 13, 2022, 4:20 pm, Loaded cache file.
1OP-Act: March 13, 2022, 4:20 pm, Verified global variables.
1OP-Act: March 13, 2022, 4:20 pm, Loaded libraries.
1OP-Act: March 13, 2022, 4:20 pm, Loaded library data.
1OP-Act: March 13, 2022, 4:20 pm, Deferred authentication procedure.
1OP-Act: March 13, 2022, 4:24 pm, Verified installation.
1OP-Act: March 13, 2022, 4:24 pm, Initialized variables to default values.
1OP-Act: March 13, 2022, 4:24 pm, Verified version information.
1OP-Act: March 13, 2022, 4:24 pm, Loaded cache file.
1OP-Act: March 13, 2022, 4:24 pm, Verified global variables.
1OP-Act: March 13, 2022, 4:24 pm, Loaded libraries.
1OP-Act: March 13, 2022, 4:24 pm, Loaded library data.
1OP-Act: March 13, 2022, 4:24 pm, Deferred authentication procedure.
1OP-Act: March 13, 2022, 4:24 pm, Verified installation.
1OP-Act: March 13, 2022, 4:24 pm, Initialized variables to default values.
1OP-Act: March 13, 2022, 4:24 pm, Verified version information.
1OP-Act: March 13, 2022, 4:24 pm, Loaded cache file.
1OP-Act: March 13, 2022, 4:24 pm, Verified global variables.
1OP-Act: March 13, 2022, 4:24 pm, Loaded libraries.
1OP-Act: March 13, 2022, 4:24 pm, Loaded library data.
1OP-Act: March 13, 2022, 4:24 pm, Deferred authentication procedure.
1OP-Act: March 13, 2022, 4:24 pm, Verified installation.
1OP-Act: March 13, 2022, 4:24 pm, Initialized variables to default values.
1OP-Act: March 13, 2022, 4:24 pm, Verified version information.
1OP-Act: March 13, 2022, 4:24 pm, Loaded cache file.
1OP-Act: March 13, 2022, 4:24 pm, Verified global variables.
1OP-Act: March 13, 2022, 4:24 pm, Loaded libraries.
1OP-Act: March 13, 2022, 4:24 pm, Loaded library data.
1OP-Act: March 13, 2022, 4:24 pm, Deferred authentication procedure.
1OP-Act: March 13, 2022, 4:24 pm, Verified installation.
1OP-Act: March 13, 2022, 4:24 pm, Initialized variables to default values.
1OP-Act: March 13, 2022, 4:24 pm, Verified version information.
1OP-Act: March 13, 2022, 4:24 pm, Loaded cache file.
1OP-Act: March 13, 2022, 4:24 pm, Verified global variables.
1OP-Act: March 13, 2022, 4:24 pm, Loaded libraries.
1OP-Act: March 13, 2022, 4:24 pm, Loaded library data.
1OP-Act: March 13, 2022, 4:24 pm, Deferred authentication procedure.
1OP-Act: March 13, 2022, 4:24 pm, Verified installation.
1OP-Act: March 13, 2022, 4:24 pm, Initialized variables to default values.
1OP-Act: March 13, 2022, 4:24 pm, Verified version information.
1OP-Act: March 13, 2022, 4:24 pm, Loaded cache file.
1OP-Act: March 13, 2022, 4:24 pm, Verified global variables.
1OP-Act: March 13, 2022, 4:24 pm, Loaded libraries.
1OP-Act: March 13, 2022, 4:24 pm, Loaded library data.
1OP-Act: March 13, 2022, 4:24 pm, Deferred authentication procedure.
1OP-Act: March 13, 2022, 4:25 pm, Verified installation.
1OP-Act: March 13, 2022, 4:25 pm, Initialized variables to default values.
1OP-Act: March 13, 2022, 4:25 pm, Verified version information.
1OP-Act: March 13, 2022, 4:25 pm, Loaded cache file.
1OP-Act: March 13, 2022, 4:25 pm, Verified global variables.
1OP-Act: March 13, 2022, 4:25 pm, Loaded libraries.
1OP-Act: March 13, 2022, 4:25 pm, Loaded library data.
1OP-Act: March 13, 2022, 4:25 pm, Deferred authentication procedure.
1OP-Act: March 13, 2022, 4:25 pm, Verified installation.
1OP-Act: March 13, 2022, 4:25 pm, Initialized variables to default values.
1OP-Act: March 13, 2022, 4:25 pm, Verified version information.
1OP-Act: March 13, 2022, 4:25 pm, Loaded cache file.
1OP-Act: March 13, 2022, 4:25 pm, Verified global variables.
1OP-Act: March 13, 2022, 4:25 pm, Loaded libraries.
1OP-Act: March 13, 2022, 4:25 pm, Loaded library data.
1OP-Act: March 13, 2022, 4:25 pm, Deferred authentication procedure.
1OP-Act: March 13, 2022, 4:25 pm, Verified installation.
1OP-Act: March 13, 2022, 4:25 pm, Initialized variables to default values.
1OP-Act: March 13, 2022, 4:25 pm, Verified version information.
1OP-Act: March 13, 2022, 4:25 pm, Loaded cache file.
1OP-Act: March 13, 2022, 4:25 pm, Verified global variables.
1OP-Act: March 13, 2022, 4:25 pm, Loaded libraries.
1OP-Act: March 13, 2022, 4:25 pm, Loaded library data.
1OP-Act: March 13, 2022, 4:25 pm, Deferred authentication procedure.
1OP-Act: March 13, 2022, 4:29 pm, Verified installation.
1OP-Act: March 13, 2022, 4:29 pm, Initialized variables to default values.
1OP-Act: March 13, 2022, 4:29 pm, Verified version information.
1OP-Act: March 13, 2022, 4:29 pm, Loaded cache file.
1OP-Act: March 13, 2022, 4:29 pm, Verified global variables.
1OP-Act: March 13, 2022, 4:29 pm, Loaded libraries.
1OP-Act: March 13, 2022, 4:29 pm, Loaded library data.
1OP-Act: March 13, 2022, 4:29 pm, Deferred authentication procedure.
1OP-Act: March 13, 2022, 4:29 pm, Verified installation.
1OP-Act: March 13, 2022, 4:29 pm, Initialized variables to default values.
1OP-Act: March 13, 2022, 4:29 pm, Verified version information.
1OP-Act: March 13, 2022, 4:29 pm, Loaded cache file.
1OP-Act: March 13, 2022, 4:29 pm, Verified global variables.
1OP-Act: March 13, 2022, 4:29 pm, Loaded libraries.
1OP-Act: March 13, 2022, 4:29 pm, Loaded library data.
1OP-Act: March 13, 2022, 4:29 pm, Deferred authentication procedure.
1OP-Act: March 13, 2022, 4:29 pm, Verified installation.
1OP-Act: March 13, 2022, 4:29 pm, Initialized variables to default values.
1OP-Act: March 13, 2022, 4:29 pm, Verified version information.
1OP-Act: March 13, 2022, 4:29 pm, Loaded cache file.
1OP-Act: March 13, 2022, 4:29 pm, Verified global variables.
1OP-Act: March 13, 2022, 4:29 pm, Loaded libraries.
1OP-Act: March 13, 2022, 4:29 pm, Loaded library data.
1OP-Act: March 13, 2022, 4:29 pm, Deferred authentication procedure.
1OP-Act: March 13, 2022, 4:30 pm, Verified installation.
1OP-Act: March 13, 2022, 4:30 pm, Initialized variables to default values.
1OP-Act: March 13, 2022, 4:30 pm, Verified version information.
1OP-Act: March 13, 2022, 4:30 pm, Loaded cache file.
1OP-Act: March 13, 2022, 4:30 pm, Verified global variables.
1OP-Act: March 13, 2022, 4:30 pm, Loaded libraries.
1OP-Act: March 13, 2022, 4:30 pm, Loaded library data.
1OP-Act: March 13, 2022, 4:30 pm, Deferred authentication procedure.
1OP-Act: March 13, 2022, 4:30 pm, Verified installation.
1OP-Act: March 13, 2022, 4:30 pm, Initialized variables to default values.
1OP-Act: March 13, 2022, 4:30 pm, Verified version information.
1OP-Act: March 13, 2022, 4:30 pm, Loaded cache file.
1OP-Act: March 13, 2022, 4:30 pm, Verified global variables.
1OP-Act: March 13, 2022, 4:30 pm, Loaded libraries.
1OP-Act: March 13, 2022, 4:30 pm, Loaded library data.
1OP-Act: March 13, 2022, 4:30 pm, Deferred authentication procedure.
1OP-Act: March 13, 2022, 4:30 pm, Verified installation.
1OP-Act: March 13, 2022, 4:30 pm, Initialized variables to default values.
1OP-Act: March 13, 2022, 4:30 pm, Verified version information.
1OP-Act: March 13, 2022, 4:30 pm, Loaded cache file.
1OP-Act: March 13, 2022, 4:30 pm, Verified global variables.
1OP-Act: March 13, 2022, 4:30 pm, Loaded libraries.
1OP-Act: March 13, 2022, 4:30 pm, Loaded library data.
1OP-Act: March 13, 2022, 4:30 pm, Deferred authentication procedure.
1OP-Act: March 13, 2022, 4:32 pm, Verified installation.
1OP-Act: March 13, 2022, 4:32 pm, Initialized variables to default values.
1OP-Act: March 13, 2022, 4:32 pm, Verified version information.
1OP-Act: March 13, 2022, 4:32 pm, Loaded cache file.
1OP-Act: March 13, 2022, 4:32 pm, Verified global variables.
1OP-Act: March 13, 2022, 4:32 pm, Loaded libraries.
1OP-Act: March 13, 2022, 4:32 pm, Loaded library data.
1OP-Act: March 13, 2022, 4:32 pm, Deferred authentication procedure.
1OP-Act: March 13, 2022, 4:32 pm, Verified installation.
1OP-Act: March 13, 2022, 4:32 pm, Initialized variables to default values.
1OP-Act: March 13, 2022, 4:32 pm, Verified version information.
1OP-Act: March 13, 2022, 4:32 pm, Loaded cache file.
1OP-Act: March 13, 2022, 4:32 pm, Verified global variables.
1OP-Act: March 13, 2022, 4:32 pm, Loaded libraries.
1OP-Act: March 13, 2022, 4:32 pm, Loaded library data.
1OP-Act: March 13, 2022, 4:32 pm, Deferred authentication procedure.
1OP-Act: March 13, 2022, 4:32 pm, Verified installation.
1OP-Act: March 13, 2022, 4:32 pm, Initialized variables to default values.
1OP-Act: March 13, 2022, 4:32 pm, Verified version information.
1OP-Act: March 13, 2022, 4:32 pm, Loaded cache file.
1OP-Act: March 13, 2022, 4:32 pm, Verified global variables.
1OP-Act: March 13, 2022, 4:32 pm, Loaded libraries.
1OP-Act: March 13, 2022, 4:32 pm, Loaded library data.
1OP-Act: March 13, 2022, 4:32 pm, Deferred authentication procedure.
1OP-Act: March 13, 2022, 4:32 pm, Verified installation.
1OP-Act: March 13, 2022, 4:32 pm, Initialized variables to default values.
1OP-Act: March 13, 2022, 4:32 pm, Verified version information.
1OP-Act: March 13, 2022, 4:32 pm, Loaded cache file.
1OP-Act: March 13, 2022, 4:32 pm, Verified global variables.
1OP-Act: March 13, 2022, 4:32 pm, Loaded libraries.
1OP-Act: March 13, 2022, 4:32 pm, Loaded library data.
1OP-Act: March 13, 2022, 4:32 pm, Deferred authentication procedure.
1OP-Act: March 13, 2022, 4:32 pm, Verified installation.
1OP-Act: March 13, 2022, 4:32 pm, Initialized variables to default values.
1OP-Act: March 13, 2022, 4:32 pm, Verified version information.
1OP-Act: March 13, 2022, 4:32 pm, Loaded cache file.
1OP-Act: March 13, 2022, 4:32 pm, Verified global variables.
1OP-Act: March 13, 2022, 4:32 pm, Loaded libraries.
1OP-Act: March 13, 2022, 4:32 pm, Loaded library data.
1OP-Act: March 13, 2022, 4:32 pm, Deferred authentication procedure.
1OP-Act: March 13, 2022, 4:36 pm, Verified installation.
1OP-Act: March 13, 2022, 4:36 pm, Initialized variables to default values.
1OP-Act: March 13, 2022, 4:36 pm, Verified version information.
1OP-Act: March 13, 2022, 4:36 pm, Loaded cache file.
1OP-Act: March 13, 2022, 4:36 pm, Verified global variables.
1OP-Act: March 13, 2022, 4:36 pm, Loaded libraries.
1OP-Act: March 13, 2022, 4:36 pm, Loaded library data.
1OP-Act: March 13, 2022, 4:36 pm, Deferred authentication procedure.
1OP-Act: March 13, 2022, 4:36 pm, Verified installation.
1OP-Act: March 13, 2022, 4:36 pm, Initialized variables to default values.
1OP-Act: March 13, 2022, 4:36 pm, Verified version information.
1OP-Act: March 13, 2022, 4:36 pm, Loaded cache file.
1OP-Act: March 13, 2022, 4:36 pm, Verified global variables.
1OP-Act: March 13, 2022, 4:36 pm, Loaded libraries.
1OP-Act: March 13, 2022, 4:36 pm, Loaded library data.
1OP-Act: March 13, 2022, 4:36 pm, Deferred authentication procedure.
1OP-Act: March 13, 2022, 4:36 pm, Verified installation.
1OP-Act: March 13, 2022, 4:36 pm, Initialized variables to default values.
1OP-Act: March 13, 2022, 4:36 pm, Verified version information.
1OP-Act: March 13, 2022, 4:36 pm, Loaded cache file.
1OP-Act: March 13, 2022, 4:36 pm, Verified global variables.
1OP-Act: March 13, 2022, 4:36 pm, Loaded libraries.
1OP-Act: March 13, 2022, 4:36 pm, Loaded library data.
1OP-Act: March 13, 2022, 4:36 pm, Deferred authentication procedure.
1OP-Act: March 13, 2022, 4:36 pm, Verified installation.
1OP-Act: March 13, 2022, 4:36 pm, Initialized variables to default values.
1OP-Act: March 13, 2022, 4:36 pm, Verified version information.
1OP-Act: March 13, 2022, 4:36 pm, Loaded cache file.
1OP-Act: March 13, 2022, 4:36 pm, Verified global variables.
1OP-Act: March 13, 2022, 4:36 pm, Loaded libraries.
1OP-Act: March 13, 2022, 4:36 pm, Loaded library data.
1OP-Act: March 13, 2022, 4:36 pm, Deferred authentication procedure.
1OP-Act: March 13, 2022, 4:37 pm, Verified installation.
1OP-Act: March 13, 2022, 4:37 pm, Initialized variables to default values.
1OP-Act: March 13, 2022, 4:37 pm, Verified version information.
1OP-Act: March 13, 2022, 4:37 pm, Loaded cache file.
1OP-Act: March 13, 2022, 4:37 pm, Verified global variables.
1OP-Act: March 13, 2022, 4:37 pm, Loaded libraries.
1OP-Act: March 13, 2022, 4:37 pm, Loaded library data.
1OP-Act: March 13, 2022, 4:37 pm, Deferred authentication procedure.
1OP-Act: March 13, 2022, 4:38 pm, Verified installation.
1OP-Act: March 13, 2022, 4:38 pm, Initialized variables to default values.
1OP-Act: March 13, 2022, 4:38 pm, Verified version information.
1OP-Act: March 13, 2022, 4:38 pm, Loaded cache file.
1OP-Act: March 13, 2022, 4:38 pm, Verified global variables.
1OP-Act: March 13, 2022, 4:38 pm, Loaded libraries.
1OP-Act: March 13, 2022, 4:38 pm, Loaded library data.
1OP-Act: March 13, 2022, 4:38 pm, Deferred authentication procedure.
1OP-Act: March 13, 2022, 4:38 pm, Verified installation.
1OP-Act: March 13, 2022, 4:38 pm, Initialized variables to default values.
1OP-Act: March 13, 2022, 4:38 pm, Verified version information.
1OP-Act: March 13, 2022, 4:38 pm, Loaded cache file.
1OP-Act: March 13, 2022, 4:38 pm, Verified global variables.
1OP-Act: March 13, 2022, 4:38 pm, Loaded libraries.
1OP-Act: March 13, 2022, 4:38 pm, Loaded library data.
1OP-Act: March 13, 2022, 4:38 pm, Deferred authentication procedure.
1OP-Act: March 13, 2022, 4:38 pm, Verified installation.
1OP-Act: March 13, 2022, 4:38 pm, Initialized variables to default values.
1OP-Act: March 13, 2022, 4:38 pm, Verified version information.
1OP-Act: March 13, 2022, 4:38 pm, Loaded cache file.
1OP-Act: March 13, 2022, 4:38 pm, Verified global variables.
1OP-Act: March 13, 2022, 4:38 pm, Loaded libraries.
1OP-Act: March 13, 2022, 4:38 pm, Loaded library data.
1OP-Act: March 13, 2022, 4:38 pm, Deferred authentication procedure.
1OP-Act: March 13, 2022, 4:38 pm, Verified installation.
1OP-Act: March 13, 2022, 4:38 pm, Initialized variables to default values.
1OP-Act: March 13, 2022, 4:38 pm, Verified version information.
1OP-Act: March 13, 2022, 4:38 pm, Loaded cache file.
1OP-Act: March 13, 2022, 4:38 pm, Verified global variables.
1OP-Act: March 13, 2022, 4:38 pm, Loaded libraries.
1OP-Act: March 13, 2022, 4:38 pm, Loaded library data.
1OP-Act: March 13, 2022, 4:38 pm, Deferred authentication procedure.
1OP-Act: March 13, 2022, 4:38 pm, Verified installation.
1OP-Act: March 13, 2022, 4:38 pm, Initialized variables to default values.
1OP-Act: March 13, 2022, 4:38 pm, Verified version information.
1OP-Act: March 13, 2022, 4:38 pm, Loaded cache file.
1OP-Act: March 13, 2022, 4:38 pm, Verified global variables.
1OP-Act: March 13, 2022, 4:38 pm, Loaded libraries.
1OP-Act: March 13, 2022, 4:38 pm, Loaded library data.
1OP-Act: March 13, 2022, 4:38 pm, Deferred authentication procedure.
1OP-Act: March 13, 2022, 4:39 pm, Verified installation.
1OP-Act: March 13, 2022, 4:39 pm, Initialized variables to default values.
1OP-Act: March 13, 2022, 4:39 pm, Verified version information.
1OP-Act: March 13, 2022, 4:39 pm, Loaded cache file.
1OP-Act: March 13, 2022, 4:39 pm, Verified global variables.
1OP-Act: March 13, 2022, 4:39 pm, Loaded libraries.
1OP-Act: March 13, 2022, 4:39 pm, Loaded library data.
1OP-Act: March 13, 2022, 4:39 pm, Deferred authentication procedure.
1OP-Act: March 13, 2022, 4:39 pm, Verified installation.
1OP-Act: March 13, 2022, 4:39 pm, Initialized variables to default values.
1OP-Act: March 13, 2022, 4:39 pm, Verified version information.
1OP-Act: March 13, 2022, 4:39 pm, Loaded cache file.
1OP-Act: March 13, 2022, 4:39 pm, Verified global variables.
1OP-Act: March 13, 2022, 4:39 pm, Loaded libraries.
1OP-Act: March 13, 2022, 4:39 pm, Loaded library data.
1OP-Act: March 13, 2022, 4:39 pm, Deferred authentication procedure.
1OP-Act: March 13, 2022, 4:39 pm, Verified installation.
1OP-Act: March 13, 2022, 4:39 pm, Initialized variables to default values.
1OP-Act: March 13, 2022, 4:39 pm, Verified version information.
1OP-Act: March 13, 2022, 4:39 pm, Loaded cache file.
1OP-Act: March 13, 2022, 4:39 pm, Verified global variables.
1OP-Act: March 13, 2022, 4:39 pm, Loaded libraries.
1OP-Act: March 13, 2022, 4:39 pm, Loaded library data.
1OP-Act: March 13, 2022, 4:39 pm, Deferred authentication procedure.
1OP-Act: March 13, 2022, 4:39 pm, Verified installation.
1OP-Act: March 13, 2022, 4:39 pm, Initialized variables to default values.
1OP-Act: March 13, 2022, 4:39 pm, Verified version information.
1OP-Act: March 13, 2022, 4:39 pm, Loaded cache file.
1OP-Act: March 13, 2022, 4:39 pm, Verified global variables.
1OP-Act: March 13, 2022, 4:39 pm, Loaded libraries.
1OP-Act: March 13, 2022, 4:39 pm, Loaded library data.
1OP-Act: March 13, 2022, 4:39 pm, Deferred authentication procedure.
1OP-Act: March 13, 2022, 4:39 pm, Verified installation.
1OP-Act: March 13, 2022, 4:39 pm, Initialized variables to default values.
1OP-Act: March 13, 2022, 4:39 pm, Verified version information.
1OP-Act: March 13, 2022, 4:39 pm, Loaded cache file.
1OP-Act: March 13, 2022, 4:39 pm, Verified global variables.
1OP-Act: March 13, 2022, 4:39 pm, Loaded libraries.
1OP-Act: March 13, 2022, 4:39 pm, Loaded library data.
1OP-Act: March 13, 2022, 4:39 pm, Deferred authentication procedure.
1OP-Act: March 13, 2022, 4:39 pm, Verified installation.
1OP-Act: March 13, 2022, 4:39 pm, Initialized variables to default values.
1OP-Act: March 13, 2022, 4:39 pm, Verified version information.
1OP-Act: March 13, 2022, 4:39 pm, Loaded cache file.
1OP-Act: March 13, 2022, 4:39 pm, Verified global variables.
1OP-Act: March 13, 2022, 4:39 pm, Loaded libraries.
1OP-Act: March 13, 2022, 4:39 pm, Loaded library data.
1OP-Act: March 13, 2022, 4:39 pm, Deferred authentication procedure.
1OP-Act: March 13, 2022, 4:39 pm, User requested tokens for login.
1OP-Act: March 13, 2022, 4:39 pm, Verified installation.
1OP-Act: March 13, 2022, 4:39 pm, Initialized variables to default values.
1OP-Act: March 13, 2022, 4:39 pm, Verified version information.
1OP-Act: March 13, 2022, 4:39 pm, Loaded cache file.
1OP-Act: March 13, 2022, 4:39 pm, Verified global variables.
1OP-Act: March 13, 2022, 4:39 pm, Loaded libraries.
1OP-Act: March 13, 2022, 4:39 pm, Loaded library data.
1OP-Act: March 13, 2022, 4:39 pm, Deferred authentication procedure.
1OP-Act: March 13, 2022, 4:39 pm, Verified installation.
1OP-Act: March 13, 2022, 4:39 pm, Initialized variables to default values.
1OP-Act: March 13, 2022, 4:39 pm, Verified version information.
1OP-Act: March 13, 2022, 4:39 pm, Loaded cache file.
1OP-Act: March 13, 2022, 4:39 pm, Verified global variables.
1OP-Act: March 13, 2022, 4:39 pm, Loaded libraries.
1OP-Act: March 13, 2022, 4:39 pm, Loaded library data.
1OP-Act: March 13, 2022, 4:39 pm, Deferred authentication procedure.
1OP-Act: March 13, 2022, 4:39 pm, User requested tokens for login.
1OP-Act: March 13, 2022, 4:41 pm, Verified installation.
1OP-Act: March 13, 2022, 4:41 pm, Initialized variables to default values.
1OP-Act: March 13, 2022, 4:41 pm, Verified version information.
1OP-Act: March 13, 2022, 4:41 pm, Loaded cache file.
1OP-Act: March 13, 2022, 4:41 pm, Verified global variables.
1OP-Act: March 13, 2022, 4:41 pm, Loaded libraries.
1OP-Act: March 13, 2022, 4:41 pm, Loaded library data.
1OP-Act: March 13, 2022, 4:41 pm, Deferred authentication procedure.
1OP-Act: March 13, 2022, 4:41 pm, Verified installation.
1OP-Act: March 13, 2022, 4:41 pm, Initialized variables to default values.
1OP-Act: March 13, 2022, 4:41 pm, Verified version information.
1OP-Act: March 13, 2022, 4:41 pm, Loaded cache file.
1OP-Act: March 13, 2022, 4:41 pm, Verified global variables.
1OP-Act: March 13, 2022, 4:41 pm, Loaded libraries.
1OP-Act: March 13, 2022, 4:41 pm, Loaded library data.
1OP-Act: March 13, 2022, 4:41 pm, Deferred authentication procedure.
1OP-Act: March 13, 2022, 4:41 pm, Verified installation.
1OP-Act: March 13, 2022, 4:41 pm, Initialized variables to default values.
1OP-Act: March 13, 2022, 4:41 pm, Verified version information.
1OP-Act: March 13, 2022, 4:41 pm, Loaded cache file.
1OP-Act: March 13, 2022, 4:41 pm, Verified global variables.
1OP-Act: March 13, 2022, 4:41 pm, Loaded libraries.
1OP-Act: March 13, 2022, 4:41 pm, Loaded library data.
1OP-Act: March 13, 2022, 4:41 pm, Deferred authentication procedure.
1OP-Act: March 13, 2022, 4:41 pm, User requested tokens for login.
1OP-Act: March 13, 2022, 4:41 pm, Verified installation.
1OP-Act: March 13, 2022, 4:41 pm, Initialized variables to default values.
1OP-Act: March 13, 2022, 4:41 pm, Verified version information.
1OP-Act: March 13, 2022, 4:41 pm, Loaded cache file.
1OP-Act: March 13, 2022, 4:41 pm, Verified global variables.
1OP-Act: March 13, 2022, 4:41 pm, Loaded libraries.
1OP-Act: March 13, 2022, 4:41 pm, Loaded library data.
1OP-Act: March 13, 2022, 4:41 pm, Deferred authentication procedure.
1OP-Act: March 13, 2022, 4:41 pm, Verified installation.
1OP-Act: March 13, 2022, 4:41 pm, Initialized variables to default values.
1OP-Act: March 13, 2022, 4:41 pm, Verified version information.
1OP-Act: March 13, 2022, 4:41 pm, Loaded cache file.
1OP-Act: March 13, 2022, 4:41 pm, Verified global variables.
1OP-Act: March 13, 2022, 4:41 pm, Loaded libraries.
1OP-Act: March 13, 2022, 4:41 pm, Loaded library data.
1OP-Act: March 13, 2022, 4:41 pm, Deferred authentication procedure.
1OP-Act: March 13, 2022, 4:41 pm, Verified installation.
1OP-Act: March 13, 2022, 4:41 pm, Initialized variables to default values.
1OP-Act: March 13, 2022, 4:41 pm, Verified version information.
1OP-Act: March 13, 2022, 4:41 pm, Loaded cache file.
1OP-Act: March 13, 2022, 4:41 pm, Verified global variables.
1OP-Act: March 13, 2022, 4:41 pm, Loaded libraries.
1OP-Act: March 13, 2022, 4:41 pm, Loaded library data.
1OP-Act: March 13, 2022, 4:41 pm, Deferred authentication procedure.
1OP-Act: March 13, 2022, 4:41 pm, Verified installation.
1OP-Act: March 13, 2022, 4:41 pm, Initialized variables to default values.
1OP-Act: March 13, 2022, 4:41 pm, Verified version information.
1OP-Act: March 13, 2022, 4:41 pm, Loaded cache file.
1OP-Act: March 13, 2022, 4:41 pm, Verified global variables.
1OP-Act: March 13, 2022, 4:41 pm, Loaded libraries.
1OP-Act: March 13, 2022, 4:41 pm, Loaded library data.
1OP-Act: March 13, 2022, 4:41 pm, Deferred authentication procedure.
1OP-Act: March 13, 2022, 4:42 pm, Verified installation.
1OP-Act: March 13, 2022, 4:42 pm, Initialized variables to default values.
1OP-Act: March 13, 2022, 4:42 pm, Verified version information.
1OP-Act: March 13, 2022, 4:42 pm, Loaded cache file.
1OP-Act: March 13, 2022, 4:42 pm, Verified global variables.
1OP-Act: March 13, 2022, 4:42 pm, Loaded libraries.
1OP-Act: March 13, 2022, 4:42 pm, Loaded library data.
1OP-Act: March 13, 2022, 4:42 pm, Deferred authentication procedure.
1OP-Act: March 13, 2022, 4:42 pm, User requested tokens for login.
1OP-Act: March 13, 2022, 4:42 pm, Verified installation.
1OP-Act: March 13, 2022, 4:42 pm, Initialized variables to default values.
1OP-Act: March 13, 2022, 4:42 pm, Verified version information.
1OP-Act: March 13, 2022, 4:42 pm, Loaded cache file.
1OP-Act: March 13, 2022, 4:42 pm, Verified global variables.
1OP-Act: March 13, 2022, 4:42 pm, Loaded libraries.
1OP-Act: March 13, 2022, 4:42 pm, Loaded library data.
1OP-Act: March 13, 2022, 4:42 pm, Deferred authentication procedure.
1OP-Act: March 13, 2022, 4:44 pm, Verified installation.
1OP-Act: March 13, 2022, 4:44 pm, Initialized variables to default values.
1OP-Act: March 13, 2022, 4:44 pm, Verified version information.
1OP-Act: March 13, 2022, 4:44 pm, Loaded cache file.
1OP-Act: March 13, 2022, 4:44 pm, Verified global variables.
1OP-Act: March 13, 2022, 4:44 pm, Loaded libraries.
1OP-Act: March 13, 2022, 4:44 pm, Loaded library data.
1OP-Act: March 13, 2022, 4:44 pm, Deferred authentication procedure.
1OP-Act: March 13, 2022, 4:44 pm, Verified installation.
1OP-Act: March 13, 2022, 4:44 pm, Initialized variables to default values.
1OP-Act: March 13, 2022, 4:44 pm, Verified version information.
1OP-Act: March 13, 2022, 4:44 pm, Loaded cache file.
1OP-Act: March 13, 2022, 4:44 pm, Verified global variables.
1OP-Act: March 13, 2022, 4:44 pm, Loaded libraries.
1OP-Act: March 13, 2022, 4:44 pm, Loaded library data.
1OP-Act: March 13, 2022, 4:44 pm, Deferred authentication procedure.
1